

Microchip MPLAB XC8 Assembler V2.40 build 20220703182018 
                                                                                               Thu Nov 03 12:36:51 2022

Microchip MPLAB XC8 C Compiler v2.40 (Free license) build 20220703182018 Og1 
     1                           	processor	18F67K40
     2                           	fnconf	rparam,??,?,0
     3                           	pagewidth 120
     4                           	opt	flic
     5                           	psect	smallconst,global,reloc=2,class=SMALLCONST,delta=1,noexec
     6                           	psect	cinit,global,reloc=2,class=CODE,delta=1
     7                           	psect	bssCOMRAM,global,class=COMRAM,space=1,delta=1,lowdata,noexec
     8                           	psect	cstackCOMRAM,global,class=COMRAM,space=1,delta=1,lowdata,noexec
     9                           	psect	text0,global,reloc=2,class=CODE,delta=1
    10                           	psect	intcodelo,global,reloc=2,class=CODE,delta=1
    11                           	psect	intcode,global,reloc=2,class=CODE,delta=1
    12                           	psect	intcode_body,global,reloc=2,class=CODE,delta=1
    13                           	psect	intsave_regs,global,class=BIGRAM,space=1,delta=1,noexec
    14                           	psect	rparam,global,class=COMRAM,space=1,delta=1,noexec
    15                           	psect	temp,global,ovrld,common,class=COMRAM,space=1,delta=1
    16                           	psect	idloc,global,abs,ovrld,class=IDLOC,space=5,delta=1,noexec
    17                           	psect	config,global,abs,ovrld,class=CONFIG,space=4,delta=1,noexec
    18   000000                     
    19                           ; Version 2.40
    20                           ; Generated 04/07/2022 GMT
    21                           ; 
    22                           ; Copyright © 2022, Microchip Technology Inc. and its subsidiaries ("Microchip")
    23                           ; All rights reserved.
    24                           ; 
    25                           ; This software is developed by Microchip Technology Inc. and its subsidiaries ("Microch
      +                          ip").
    26                           ; 
    27                           ; Redistribution and use in source and binary forms, with or without modification, are
    28                           ; permitted provided that the following conditions are met:
    29                           ; 
    30                           ;     1. Redistributions of source code must retain the above copyright notice, this lis
      +                          t of
    31                           ;        conditions and the following disclaimer.
    32                           ; 
    33                           ;     2. Redistributions in binary form must reproduce the above copyright notice, this 
      +                          list
    34                           ;        of conditions and the following disclaimer in the documentation and/or other
    35                           ;        materials provided with the distribution. Publication is not required when
    36                           ;        this file is used in an embedded application.
    37                           ; 
    38                           ;     3. Microchip's name may not be used to endorse or promote products derived from th
      +                          is
    39                           ;        software without specific prior written permission.
    40                           ; 
    41                           ; THIS SOFTWARE IS PROVIDED BY MICROCHIP "AS IS" AND ANY EXPRESS OR IMPLIED WARRANTIES,
    42                           ; INCLUDING, BUT NOT LIMITED TO, THE IMPLIED WARRANTIES OF MERCHANTABILITY AND FITNESS F
      +                          OR
    43                           ; PURPOSE ARE DISCLAIMED.  IN NO EVENT SHALL MICROCHIP BE LIABLE FOR ANY DIRECT, INDIREC
      +                          T,
    44                           ; INCIDENTAL, SPECIAL, EXEMPLARY, OR CONSEQUENTIAL DAMAGES (INCLUDING BUT NOT LIMITED TO
    45                           ; PROCUREMENT OF SUBSTITUTE GOODS OR SERVICES; LOSS OF USE, DATA OR PROFITS; OR BUSINESS
    46                           ; INTERRUPTION) HOWSOEVER CAUSED AND ON ANY THEORY OF LIABILITY, WHETHER IN CONTRACT, ST
      +                          RICT
    47                           ; LIABILITY, OR TORT (INCLUDING NEGLIGENCE OR OTHERWISE) ARISING IN ANY WAY OUT OF THE U
      +                          SE OF
    48                           ; THIS SOFTWARE, EVEN IF ADVISED OF THE POSSIBILITY OF SUCH DAMAGE.
    49                           ; 
    50                           ; 
    51                           ; Code-generator required, PIC18F67K40 Definitions
    52                           ; 
    53                           ; SFR Addresses
    54   000000                     
    55                           	psect	smallconst
    56   000E00                     __psmallconst:
    57                           	callstack 0
    58   000E00  00                 	db	0
    59   000E01  0000               	dw	0
    60   000E03  0000               	dw	0
    61   000E05  CFDC               	dw	53212
    62   000E07  35D1               	dw	13777
    63   000E09                     __end_of_dp_l:
    64                           	callstack 0
    65   000E09  0000               	dw	0
    66   000E0B  0000               	dw	0
    67   000E0D  C000               	dw	49152
    68   000E0F  3F15               	dw	16149
    69   000E11                     __end_of_dp_h:
    70                           	callstack 0
    71   000E11  4260               	dw	16992
    72   000E13  0DA2               	dw	3490
    73   000E15                     __end_of_tiny@sqrtf$F1826:
    74                           	callstack 0
    75   000E15  A570               	dw	42352
    76   000E17  36EC               	dw	14060
    77   000E19                     __end_of_ivln2_l:
    78                           	callstack 0
    79   000E19  AA3B               	dw	43579
    80   000E1B  3FB8               	dw	16312
    81   000E1D                     __end_of_ivln2:
    82                           	callstack 0
    83   000E1D  384F               	dw	14415
    84   000E1F  3F76               	dw	16246
    85   000E21                     __end_of_cp:
    86                           	callstack 0
    87   000E21  AA3C               	dw	43580
    88   000E23  3338               	dw	13112
    89   000E25                     __end_of_ovt:
    90                           	callstack 0
    91   000E25  BE8C               	dw	48780
    92   000E27  35BF               	dw	13759
    93   000E29                     __end_of_lg2_l:
    94                           	callstack 0
    95   000E29  7200               	dw	29184
    96   000E2B  3F31               	dw	16177
    97   000E2D                     __end_of_lg2_h:
    98                           	callstack 0
    99   000E2D  7218               	dw	29208
   100   000E2F  3F31               	dw	16177
   101   000E31                     __end_of_lg2:
   102                           	callstack 0
   103   000E31  BB4C               	dw	47948
   104   000E33  3331               	dw	13105
   105   000E35                     __end_of_P5:
   106                           	callstack 0
   107   000E35  EA0E               	dw	59918
   108   000E37  B5DD               	dw	46557
   109   000E39                     __end_of_P4:
   110                           	callstack 0
   111   000E39  B355               	dw	45909
   112   000E3B  388A               	dw	14474
   113   000E3D                     __end_of_P3:
   114                           	callstack 0
   115   000E3D  0B61               	dw	2913
   116   000E3F  BB36               	dw	47926
   117   000E41                     __end_of_P2:
   118                           	callstack 0
   119   000E41  AAAB               	dw	43691
   120   000E43  3E2A               	dw	15914
   121   000E45                     __end_of_P1:
   122                           	callstack 0
   123   000E45  F142               	dw	61762
   124   000E47  3E53               	dw	15955
   125   000E49                     __end_of_L6:
   126                           	callstack 0
   127   000E49  3255               	dw	12885
   128   000E4B  3E6C               	dw	15980
   129   000E4D                     __end_of_L5:
   130                           	callstack 0
   131   000E4D  A305               	dw	41733
   132   000E4F  3E8B               	dw	16011
   133   000E51                     __end_of_L4:
   134                           	callstack 0
   135   000E51  AAAB               	dw	43691
   136   000E53  3EAA               	dw	16042
   137   000E55                     __end_of_L3:
   138                           	callstack 0
   139   000E55  6DB7               	dw	28087
   140   000E57  3EDB               	dw	16091
   141   000E59                     __end_of_L2:
   142                           	callstack 0
   143   000E59  999A               	dw	39322
   144   000E5B  3F19               	dw	16153
   145   000E5D                     __end_of_L1:
   146                           	callstack 0
   147   000E5D  4260               	dw	16992
   148   000E5F  0DA2               	dw	3490
   149   000E61                     __end_of_tiny:
   150                           	callstack 0
   151   000E61  F2CA               	dw	62154
   152   000E63  7149               	dw	29001
   153   000E65                     __end_of_huge:
   154                           	callstack 0
   155   000E65  0000               	dw	0
   156   000E67  4B80               	dw	19328
   157   000E69                     __end_of_two24:
   158                           	callstack 0
   159   000E69  0000               	dw	0
   160   000E6B  3F80               	dw	16256
   161   000E6D  0000               	dw	0
   162   000E6F  3FC0               	dw	16320
   163   000E71                     __end_of_bp:
   164                           	callstack 0
   165   000E71  AA00               	dw	43520
   166   000E73  3FB8               	dw	16312
   167   000E75                     __end_of_ivln2_h:
   168                           	callstack 0
   169   000E75  23C6               	dw	9158
   170   000E77  B8F6               	dw	47350
   171   000E79                     __end_of_cp_l:
   172                           	callstack 0
   173   000E79  4000               	dw	16384
   174   000E7B  3F76               	dw	16246
   175   000E7D                     __end_of_cp_h:
   176                           	callstack 0
   177   000000                     _T0CON0bits	set	4053
   178   000000                     _T0CON1bits	set	4054
   179   000000                     _LATHbits	set	3968
   180   000000                     _CM1CON1bits	set	3793
   181   000000                     _IPR0bits	set	3615
   182   000000                     _IPR2bits	set	3617
   183   000000                     _PIE0bits	set	3625
   184   000000                     _PIE2bits	set	3627
   185   000000                     _ANSELAbits	set	3730
   186   000000                     _TRISAbits	set	3969
   187   000000                     _TRISDbits	set	3972
   188   000000                     _TRISBbits	set	3970
   189   000000                     _TRISFbits	set	3974
   190   000000                     _TRISGbits	set	3975
   191   000000                     _DAC1CON0bits	set	3782
   192   000000                     _ADREFbits	set	3928
   193   000000                     _ADPCH	set	3935
   194   000000                     _ADRESH	set	3940
   195   000000                     _ADCON0bits	set	3936
   196   000000                     _LATAbits	set	3961
   197   000000                     _LATGbits	set	3967
   198   000000                     _TRISHbits	set	3976
   199   000000                     _TMR0L	set	4051
   200   000000                     _TMR0H	set	4052
   201   000000                     _INTCONbits	set	4082
   202   000000                     _LATDbits	set	3964
   203   000000                     _LATBbits	set	3962
   204   000000                     _LATFbits	set	3966
   205   000000                     _CM1CON0bits	set	3792
   206   000000                     _CM1NCHbits	set	3794
   207   000000                     _DAC1CON1bits	set	3783
   208   000000                     _CM1PCHbits	set	3795
   209   000000                     _PIR0bits	set	3635
   210   000000                     _PIR2bits	set	3637
   211   000E7D                     
   212                           ; BSR set to: 14
   213   000E7D  00                 	db	0
   214   000E7E  00                 	db	0	; dummy byte at the end
   215   000000                     
   216                           ; #config settings
   217                           
   218                           	psect	cinit
   219   000F14                     __pcinit:
   220                           	callstack 0
   221   000F14                     start_initialization:
   222                           	callstack 0
   223   000F14                     __initialization:
   224                           	callstack 0
   225                           
   226                           ; Clear objects allocated to COMRAM (16 bytes)
   227   000F14  EE00  F001         	lfsr	0,__pbssCOMRAM
   228   000F18  0E10               	movlw	16
   229   000F1A                     clear_0:
   230   000F1A  6AEE               	clrf	postinc0,c
   231   000F1C  06E8               	decf	wreg,f,c
   232   000F1E  E1FD               	bnz	clear_0
   233   000F20                     end_of_initialization:
   234                           	callstack 0
   235   000F20                     __end_of__initialization:
   236                           	callstack 0
   237   000F20  9018               	bcf	int$flags,0,c	;clear compiler interrupt flag (level 1)
   238   000F22  9218               	bcf	int$flags,1,c	;clear compiler interrupt flag (level 2)
   239   000F24  0E00               	movlw	low (__Lsmallconst shr (0+16))
   240   000F26  6EF8               	movwf	tblptru,c
   241   000F28  0E0E               	movlw	high __Lsmallconst
   242   000F2A  6EF7               	movwf	tblptrh,c
   243   000F2C  0100               	movlb	0
   244   000F2E  EF40  F007         	goto	_main	;jump to C main() function
   245                           
   246                           	psect	bssCOMRAM
   247   000001                     __pbssCOMRAM:
   248                           	callstack 0
   249   000001                     	ds	4
   250   000005                     _errno:
   251                           	callstack 0
   252   000005                     	ds	2
   253   000007                     _year:
   254                           	callstack 0
   255   000007                     	ds	2
   256   000009                     _week:
   257                           	callstack 0
   258   000009                     	ds	2
   259   00000B                     _day:
   260                           	callstack 0
   261   00000B                     	ds	2
   262   00000D                     _hour:
   263                           	callstack 0
   264   00000D                     	ds	2
   265   00000F                     _seconds:
   266                           	callstack 0
   267   00000F                     	ds	2
   268                           
   269                           	psect	cstackCOMRAM
   270   000011                     __pcstackCOMRAM:
   271                           	callstack 0
   272   000011                     ??_HighISR:
   273   000011                     
   274                           ; 1 bytes @ 0x0
   275   000011                     	ds	1
   276   000012                     ??_LowISR:
   277                           
   278                           ; 1 bytes @ 0x1
   279   000012                     	ds	4
   280   000016                     main@a:
   281                           	callstack 0
   282                           
   283                           ; 2 bytes @ 0x5
   284   000016                     	ds	2
   285                           
   286 ;;
   287 ;;Main: autosize = 0, tempsize = 0, incstack = 0, save=0
   288 ;;
   289 ;; *************** function _main *****************
   290 ;; Defined at:
   291 ;;		line 18 in file "main.c"
   292 ;; Parameters:    Size  Location     Type
   293 ;;		None
   294 ;; Auto vars:     Size  Location     Type
   295 ;;  a               2    5[COMRAM] int 
   296 ;; Return value:  Size  Location     Type
   297 ;;                  1    wreg      void 
   298 ;; Registers used:
   299 ;;		wreg, status,2, status,0
   300 ;; Tracked objects:
   301 ;;		On entry : 0/0
   302 ;;		On exit  : 0/0
   303 ;;		Unchanged: 0/0
   304 ;; Data sizes:     COMRAM   BANK0   BANK1   BANK2   BANK3   BANK4   BANK5   BANK6   BANK7   BANK8   BANK9  BANK10  BANK1
      +1  BANK12  BANK13
   305 ;;      Params:         0       0       0       0       0       0       0       0       0       0       0       0       
      +0       0       0
   306 ;;      Locals:         2       0       0       0       0       0       0       0       0       0       0       0       
      +0       0       0
   307 ;;      Temps:          0       0       0       0       0       0       0       0       0       0       0       0       
      +0       0       0
   308 ;;      Totals:         2       0       0       0       0       0       0       0       0       0       0       0       
      +0       0       0
   309 ;;Total ram usage:        2 bytes
   310 ;; Hardware stack levels required when called: 2
   311 ;; This function calls:
   312 ;;		Nothing
   313 ;; This function is called by:
   314 ;;		Startup code after reset
   315 ;; This function uses a non-reentrant model
   316 ;;
   317                           
   318                           	psect	text0
   319   000E80                     __ptext0:
   320                           	callstack 0
   321   000E80                     _main:
   322                           	callstack 29
   323   000E80                     
   324                           ;main.c: 20:     LATHbits.LATH3 = 0;
   325   000E80  9680               	bcf	128,3,c	;volatile
   326                           
   327                           ;main.c: 21:     TRISHbits.TRISH3 = 0;
   328   000E82  9688               	bcf	136,3,c	;volatile
   329                           
   330                           ;main.c: 22:     LATDbits.LATD7 = 1;
   331   000E84  8E7C               	bsf	124,7,c	;volatile
   332                           
   333                           ;main.c: 23:     TRISDbits.TRISD7 = 0;
   334   000E86  9E84               	bcf	132,7,c	;volatile
   335   000E88                     
   336                           ;main.c: 34:     int a = 7;
   337   000E88  0E00               	movlw	0
   338   000E8A  6E17               	movwf	(main@a+1)^0,c
   339   000E8C  0E07               	movlw	7
   340   000E8E  6E16               	movwf	main@a^0,c
   341   000E90                     l1305:
   342                           
   343                           ;main.c: 39:         if (1< a && a< 5) {
   344   000E90  BE17               	btfsc	(main@a+1)^0,7,c
   345   000E92  EF54  F007         	goto	u221
   346   000E96  5017               	movf	(main@a+1)^0,w,c
   347   000E98  E109               	bnz	u220
   348   000E9A  0E02               	movlw	2
   349   000E9C  5C16               	subwf	main@a^0,w,c
   350   000E9E  A0D8               	btfss	status,0,c
   351   000EA0  EF54  F007         	goto	u221
   352   000EA4  EF56  F007         	goto	u220
   353   000EA8                     u221:
   354   000EA8  EF67  F007         	goto	l213
   355   000EAC                     u220:
   356   000EAC  BE17               	btfsc	(main@a+1)^0,7,c
   357   000EAE  EF64  F007         	goto	u230
   358   000EB2  5017               	movf	(main@a+1)^0,w,c
   359   000EB4  E107               	bnz	u231
   360   000EB6  0E05               	movlw	5
   361   000EB8  5C16               	subwf	main@a^0,w,c
   362   000EBA  B0D8               	btfsc	status,0,c
   363   000EBC  EF62  F007         	goto	u231
   364   000EC0  EF64  F007         	goto	u230
   365   000EC4                     u231:
   366   000EC4  EF67  F007         	goto	l213
   367   000EC8                     u230:
   368   000EC8                     
   369                           ;main.c: 40:             LATHbits.LATH3 = 0;
   370   000EC8  9680               	bcf	128,3,c	;volatile
   371                           
   372                           ;main.c: 41:         }
   373   000ECA  EF48  F007         	goto	l1305
   374   000ECE                     l213:
   375                           
   376                           ;main.c: 44:             LATHbits.LATH3 = 1;
   377   000ECE  8680               	bsf	128,3,c	;volatile
   378   000ED0  EF48  F007         	goto	l1305
   379   000ED4  EF45  F000         	goto	start
   380   000ED8                     __end_of_main:
   381                           	callstack 0
   382                           
   383 ;; *************** function _LowISR *****************
   384 ;; Defined at:
   385 ;;		line 37 in file "interrupts.c"
   386 ;; Parameters:    Size  Location     Type
   387 ;;		None
   388 ;; Auto vars:     Size  Location     Type
   389 ;;		None
   390 ;; Return value:  Size  Location     Type
   391 ;;                  1    wreg      void 
   392 ;; Registers used:
   393 ;;		wreg, status,2, status,0
   394 ;; Tracked objects:
   395 ;;		On entry : 0/0
   396 ;;		On exit  : 0/0
   397 ;;		Unchanged: 0/0
   398 ;; Data sizes:     COMRAM   BANK0   BANK1   BANK2   BANK3   BANK4   BANK5   BANK6   BANK7   BANK8   BANK9  BANK10  BANK1
      +1  BANK12  BANK13
   399 ;;      Params:         0       0       0       0       0       0       0       0       0       0       0       0       
      +0       0       0
   400 ;;      Locals:         0       0       0       0       0       0       0       0       0       0       0       0       
      +0       0       0
   401 ;;      Temps:          4       0       0       0       0       0       0       0       0       0       0       0       
      +0       0       0
   402 ;;      Totals:         4       0       0       0       0       0       0       0       0       0       0       0       
      +0       0       0
   403 ;;Total ram usage:        4 bytes
   404 ;; Hardware stack levels used: 1
   405 ;; Hardware stack levels required when called: 1
   406 ;; This function calls:
   407 ;;		Nothing
   408 ;; This function is called by:
   409 ;;		Interrupt level 1
   410 ;; This function uses a non-reentrant model
   411 ;;
   412                           
   413                           	psect	intcodelo
   414   000018                     __pintcodelo:
   415                           	callstack 0
   416   000018                     _LowISR:
   417                           	callstack 29
   418                           
   419                           ;incstack = 0
   420   000018  8018               	bsf	int$flags,0,c	;set compiler interrupt flag (level 1)
   421   00001A  CFD8 F013          	movff	status,??_LowISR+1
   422   00001E  CFE8 F014          	movff	wreg,??_LowISR+2
   423   000022  CFE0 F015          	movff	bsr,??_LowISR+3
   424   000026                     
   425                           ;interrupts.c: 39:     if(PIR0bits.TMR0IF){
   426   000026  010E               	movlb	14	; () banked
   427   000028  AB33               	btfss	51,5,b	;volatile
   428   00002A  EF19  F000         	goto	i1u18_21
   429   00002E  EF1B  F000         	goto	i1u18_20
   430   000032                     i1u18_21:
   431   000032  EF22  F000         	goto	i1l1297
   432   000036                     i1u18_20:
   433   000036                     
   434                           ; BSR set to: 14
   435                           ;interrupts.c: 40:         seconds++;
   436   000036  4A0F               	infsnz	_seconds^0,f,c	;volatile
   437   000038  2A10               	incf	(_seconds+1)^0,f,c	;volatile
   438   00003A                     
   439                           ; BSR set to: 14
   440                           ;interrupts.c: 41:         TMR0H=00001011;
   441   00003A  0E09               	movlw	9
   442   00003C  6ED4               	movwf	212,c	;volatile
   443   00003E                     
   444                           ; BSR set to: 14
   445                           ;interrupts.c: 42:         TMR0L=11011011;
   446   00003E  0EC3               	movlw	195
   447   000040  6ED3               	movwf	211,c	;volatile
   448   000042                     
   449                           ; BSR set to: 14
   450                           ;interrupts.c: 43:         PIR0bits.TMR0IF = 0;
   451   000042  9B33               	bcf	51,5,b	;volatile
   452   000044                     i1l1297:
   453                           
   454                           ; BSR set to: 14
   455                           ;interrupts.c: 46:     if(seconds==2)
   456   000044  0E02               	movlw	2
   457   000046  180F               	xorwf	_seconds^0,w,c	;volatile
   458   000048  1010               	iorwf	(_seconds+1)^0,w,c	;volatile
   459   00004A  A4D8               	btfss	status,2,c
   460   00004C  EF2A  F000         	goto	i1u19_21
   461   000050  EF2C  F000         	goto	i1u19_20
   462   000054                     i1u19_21:
   463   000054  EF3D  F000         	goto	i1l179
   464   000058                     i1u19_20:
   465   000058                     
   466                           ; BSR set to: 14
   467                           ;interrupts.c: 47:     {;interrupts.c: 48:         LATDbits.LATD7 = !LATDbits.LATD7;
   468   000058  AE7C               	btfss	124,7,c	;volatile
   469   00005A  EF31  F000         	goto	i1u20_21
   470   00005E  EF35  F000         	goto	i1u20_20
   471   000062                     i1u20_21:
   472   000062  6A12               	clrf	??_LowISR^0,c
   473   000064  2A12               	incf	??_LowISR^0,f,c
   474   000066  EF36  F000         	goto	i1u21_28
   475   00006A                     i1u20_20:
   476   00006A  6A12               	clrf	??_LowISR^0,c
   477   00006C                     i1u21_28:
   478   00006C  3212               	rrcf	??_LowISR^0,f,c
   479   00006E  3212               	rrcf	??_LowISR^0,f,c
   480   000070  507C               	movf	124,w,c	;volatile
   481   000072  1812               	xorwf	??_LowISR^0,w,c
   482   000074  0B7F               	andlw	-129
   483   000076  1812               	xorwf	??_LowISR^0,w,c
   484   000078  6E7C               	movwf	124,c	;volatile
   485   00007A                     i1l179:
   486   00007A  C015  FFE0         	movff	??_LowISR+3,bsr
   487   00007E  C014  FFE8         	movff	??_LowISR+2,wreg
   488   000082  C013  FFD8         	movff	??_LowISR+1,status
   489   000086  9018               	bcf	int$flags,0,c	;clear compiler interrupt flag (level 1)
   490   000088  0010               	retfie	
   491   00008A                     __end_of_LowISR:
   492                           	callstack 0
   493                           
   494 ;; *************** function _HighISR *****************
   495 ;; Defined at:
   496 ;;		line 28 in file "interrupts.c"
   497 ;; Parameters:    Size  Location     Type
   498 ;;		None
   499 ;; Auto vars:     Size  Location     Type
   500 ;;		None
   501 ;; Return value:  Size  Location     Type
   502 ;;                  1    wreg      void 
   503 ;; Registers used:
   504 ;;		wreg, status,2, status,0
   505 ;; Tracked objects:
   506 ;;		On entry : 0/0
   507 ;;		On exit  : 0/0
   508 ;;		Unchanged: 0/0
   509 ;; Data sizes:     COMRAM   BANK0   BANK1   BANK2   BANK3   BANK4   BANK5   BANK6   BANK7   BANK8   BANK9  BANK10  BANK1
      +1  BANK12  BANK13
   510 ;;      Params:         0       0       0       0       0       0       0       0       0       0       0       0       
      +0       0       0
   511 ;;      Locals:         0       0       0       0       0       0       0       0       0       0       0       0       
      +0       0       0
   512 ;;      Temps:          1       0       0       0       0       0       0       0       0       0       0       0       
      +0       0       0
   513 ;;      Totals:         1       0       0       0       0       0       0       0       0       0       0       0       
      +0       0       0
   514 ;;Total ram usage:        1 bytes
   515 ;; Hardware stack levels used: 1
   516 ;; This function calls:
   517 ;;		Nothing
   518 ;; This function is called by:
   519 ;;		Interrupt level 2
   520 ;; This function uses a non-reentrant model
   521 ;;
   522                           
   523                           	psect	intcode
   524   000008                     __pintcode:
   525                           	callstack 0
   526   000008                     _HighISR:
   527                           	callstack 29
   528                           
   529                           ;incstack = 0
   530   000008  8218               	bsf	int$flags,1,c	;set compiler interrupt flag (level 2)
   531   00000A  EF6C  F007         	goto	int_func
   532                           
   533                           	psect	intcode_body
   534   000ED8                     __pintcode_body:
   535                           	callstack 29
   536   000ED8                     int_func:
   537                           	callstack 29
   538   000ED8                     
   539                           ;interrupts.c: 30:         if(PIR2bits.C1IF){
   540   000ED8  010E               	movlb	14	; () banked
   541   000EDA  A135               	btfss	53,0,b	;volatile
   542   000EDC  EF72  F007         	goto	i2u15_41
   543   000EE0  EF74  F007         	goto	i2u15_40
   544   000EE4                     i2u15_41:
   545   000EE4  EF88  F007         	goto	i2l172
   546   000EE8                     i2u15_40:
   547   000EE8                     
   548                           ; BSR set to: 14
   549                           ;interrupts.c: 31:         LATHbits.LATH3 = !LATHbits.LATH3;
   550   000EE8  A680               	btfss	128,3,c	;volatile
   551   000EEA  EF79  F007         	goto	i2u16_41
   552   000EEE  EF7D  F007         	goto	i2u16_40
   553   000EF2                     i2u16_41:
   554   000EF2  6A11               	clrf	??_HighISR^0,c
   555   000EF4  2A11               	incf	??_HighISR^0,f,c
   556   000EF6  EF7E  F007         	goto	i2u17_48
   557   000EFA                     i2u16_40:
   558   000EFA  6A11               	clrf	??_HighISR^0,c
   559   000EFC                     i2u17_48:
   560   000EFC  4611               	rlncf	??_HighISR^0,f,c
   561   000EFE  4611               	rlncf	??_HighISR^0,f,c
   562   000F00  4611               	rlncf	??_HighISR^0,f,c
   563   000F02  5080               	movf	128,w,c	;volatile
   564   000F04  1811               	xorwf	??_HighISR^0,w,c
   565   000F06  0BF7               	andlw	-9
   566   000F08  1811               	xorwf	??_HighISR^0,w,c
   567   000F0A  6E80               	movwf	128,c	;volatile
   568   000F0C                     
   569                           ;interrupts.c: 32:         PIR2bits.C1IF=0;
   570   000F0C  010E               	movlb	14	; () banked
   571   000F0E  9135               	bcf	53,0,b	;volatile
   572   000F10                     i2l172:
   573                           
   574                           ; BSR set to: 14
   575   000F10  9218               	bcf	int$flags,1,c	;clear compiler interrupt flag (level 2)
   576   000F12  0011               	retfie		f
   577   000F14                     __end_of_HighISR:
   578                           	callstack 0
   579                           
   580                           	psect	rparam
   581   000000                     
   582                           	psect	temp
   583   000018                     btemp:
   584                           	callstack 0
   585   000018                     	ds	1
   586   000000                     int$flags	set	btemp
   587   000000                     wtemp8	set	btemp+1
   588   000000                     ttemp5	set	btemp+1
   589   000000                     ttemp6	set	btemp+4
   590   000000                     ttemp7	set	btemp+8
   591                           
   592                           	psect	idloc
   593                           
   594                           ;Config register IDLOC0 @ 0x200000
   595                           ;	unspecified, using default values
   596   200000                     	org	2097152
   597   200000  0FFF               	dw	4095
   598                           
   599                           ;Config register IDLOC1 @ 0x200002
   600                           ;	unspecified, using default values
   601   200002                     	org	2097154
   602   200002  0FFF               	dw	4095
   603                           
   604                           ;Config register IDLOC2 @ 0x200004
   605                           ;	unspecified, using default values
   606   200004                     	org	2097156
   607   200004  0FFF               	dw	4095
   608                           
   609                           ;Config register IDLOC3 @ 0x200006
   610                           ;	unspecified, using default values
   611   200006                     	org	2097158
   612   200006  0FFF               	dw	4095
   613                           
   614                           ;Config register IDLOC4 @ 0x200008
   615                           ;	unspecified, using default values
   616   200008                     	org	2097160
   617   200008  0FFF               	dw	4095
   618                           
   619                           ;Config register IDLOC5 @ 0x20000A
   620                           ;	unspecified, using default values
   621   20000A                     	org	2097162
   622   20000A  0FFF               	dw	4095
   623                           
   624                           ;Config register IDLOC6 @ 0x20000C
   625                           ;	unspecified, using default values
   626   20000C                     	org	2097164
   627   20000C  0FFF               	dw	4095
   628                           
   629                           ;Config register IDLOC7 @ 0x20000E
   630                           ;	unspecified, using default values
   631   20000E                     	org	2097166
   632   20000E  0FFF               	dw	4095
   633                           
   634                           	psect	config
   635                           
   636                           ;Config register CONFIG1L @ 0x300000
   637                           ;	External Oscillator mode Selection bits
   638                           ;	FEXTOSC = HS, HS (crystal oscillator) above 8 MHz; PFM set to high power
   639                           ;	Power-up default value for COSC bits
   640                           ;	RSTOSC = EXTOSC_4PLL, EXTOSC with 4x PLL, with EXTOSC operating per FEXTOSC bits
   641   300000                     	org	3145728
   642   300000  AA                 	db	170
   643                           
   644                           ;Config register CONFIG1H @ 0x300001
   645                           ;	unspecified, using default values
   646                           ;	Clock Out Enable bit
   647                           ;	CLKOUTEN = 0x1, unprogrammed default
   648                           ;	Clock Switch Enable bit
   649                           ;	CSWEN = 0x1, unprogrammed default
   650                           ;	Fail-Safe Clock Monitor Enable bit
   651                           ;	FCMEN = 0x1, unprogrammed default
   652   300001                     	org	3145729
   653   300001  FF                 	db	255
   654                           
   655                           ;Config register CONFIG2L @ 0x300002
   656                           ;	unspecified, using default values
   657                           ;	Master Clear Enable bit
   658                           ;	MCLRE = 0x1, unprogrammed default
   659                           ;	Power-up Timer Enable bit
   660                           ;	PWRTE = 0x1, unprogrammed default
   661                           ;	Low-power BOR enable bit
   662                           ;	LPBOREN = 0x1, unprogrammed default
   663                           ;	Brown-out Reset Enable bits
   664                           ;	BOREN = 0x3, unprogrammed default
   665   300002                     	org	3145730
   666   300002  FF                 	db	255
   667                           
   668                           ;Config register CONFIG2H @ 0x300003
   669                           ;	unspecified, using default values
   670                           ;	Brown Out Reset Voltage selection bits
   671                           ;	BORV = 0x3, unprogrammed default
   672                           ;	ZCD Disable bit
   673                           ;	ZCD = 0x1, unprogrammed default
   674                           ;	PPSLOCK bit One-Way Set Enable bit
   675                           ;	PPS1WAY = 0x1, unprogrammed default
   676                           ;	Stack Full/Underflow Reset Enable bit
   677                           ;	STVREN = 0x1, unprogrammed default
   678                           ;	Debugger Enable bit
   679                           ;	DEBUG = 0x1, unprogrammed default
   680                           ;	Extended Instruction Set Enable bit
   681                           ;	XINST = 0x1, unprogrammed default
   682   300003                     	org	3145731
   683   300003  FF                 	db	255
   684                           
   685                           ;Config register CONFIG3L @ 0x300004
   686                           ;	WDT Period Select bits
   687                           ;	WDTCPS = 0x1F, unprogrammed default
   688                           ;	WDT operating mode
   689                           ;	WDTE = OFF, WDT Disabled
   690   300004                     	org	3145732
   691   300004  9F                 	db	159
   692                           
   693                           ;Config register CONFIG3H @ 0x300005
   694                           ;	unspecified, using default values
   695                           ;	WDT Window Select bits
   696                           ;	WDTCWS = 0x7, unprogrammed default
   697                           ;	WDT input clock selector
   698                           ;	WDTCCS = 0x7, unprogrammed default
   699   300005                     	org	3145733
   700   300005  FF                 	db	255
   701                           
   702                           ;Config register CONFIG4L @ 0x300006
   703                           ;	unspecified, using default values
   704                           ;	Write Protection Block 0
   705                           ;	WRT0 = 0x1, unprogrammed default
   706                           ;	Write Protection Block 1
   707                           ;	WRT1 = 0x1, unprogrammed default
   708                           ;	Write Protection Block 2
   709                           ;	WRT2 = 0x1, unprogrammed default
   710                           ;	Write Protection Block 3
   711                           ;	WRT3 = 0x1, unprogrammed default
   712                           ;	Write Protection Block 3
   713                           ;	WRT4 = 0x1, unprogrammed default
   714                           ;	Write Protection Block 3
   715                           ;	WRT5 = 0x1, unprogrammed default
   716                           ;	Write Protection Block 3
   717                           ;	WRT6 = 0x1, unprogrammed default
   718                           ;	Write Protection Block 3
   719                           ;	WRT7 = 0x1, unprogrammed default
   720   300006                     	org	3145734
   721   300006  FF                 	db	255
   722                           
   723                           ;Config register CONFIG4H @ 0x300007
   724                           ;	unspecified, using default values
   725                           ;	Configuration Register Write Protection bit
   726                           ;	WRTC = 0x1, unprogrammed default
   727                           ;	Boot Block Write Protection bit
   728                           ;	WRTB = 0x1, unprogrammed default
   729                           ;	Data EEPROM Write Protection bit
   730                           ;	WRTD = 0x1, unprogrammed default
   731                           ;	Scanner Enable bit
   732                           ;	SCANE = 0x1, unprogrammed default
   733                           ;	Low Voltage Programming Enable bit
   734                           ;	LVP = 0x1, unprogrammed default
   735   300007                     	org	3145735
   736   300007  FF                 	db	255
   737                           
   738                           ;Config register CONFIG5L @ 0x300008
   739                           ;	unspecified, using default values
   740                           ;	UserNVM Program Memory Code Protection bit
   741                           ;	CP = 0x1, unprogrammed default
   742                           ;	DataNVM Memory Code Protection bit
   743                           ;	CPD = 0x1, unprogrammed default
   744   300008                     	org	3145736
   745   300008  FF                 	db	255
   746                           
   747                           ;Config register CONFIG5H @ 0x300009
   748                           ;	unspecified, using default values
   749   300009                     	org	3145737
   750   300009  FF                 	db	255
   751                           
   752                           ;Config register CONFIG6L @ 0x30000A
   753                           ;	unspecified, using default values
   754                           ;	Table Read Protection Block 0
   755                           ;	EBTR0 = 0x1, unprogrammed default
   756                           ;	Table Read Protection Block 1
   757                           ;	EBTR1 = 0x1, unprogrammed default
   758                           ;	Table Read Protection Block 2
   759                           ;	EBTR2 = 0x1, unprogrammed default
   760                           ;	Table Read Protection Block 3
   761                           ;	EBTR3 = 0x1, unprogrammed default
   762                           ;	Table Read Protection Block 4
   763                           ;	EBTR4 = 0x1, unprogrammed default
   764                           ;	Table Read Protection Block 5
   765                           ;	EBTR5 = 0x1, unprogrammed default
   766                           ;	Table Read Protection Block 6
   767                           ;	EBTR6 = 0x1, unprogrammed default
   768                           ;	Table Read Protection Block 7
   769                           ;	EBTR7 = 0x1, unprogrammed default
   770   30000A                     	org	3145738
   771   30000A  FF                 	db	255
   772                           
   773                           ;Config register CONFIG6H @ 0x30000B
   774                           ;	unspecified, using default values
   775                           ;	Boot Block Table Read Protection bit
   776                           ;	EBTRB = 0x1, unprogrammed default
   777   30000B                     	org	3145739
   778   30000B  FF                 	db	255
   779                           tosu	equ	0xFFF
   780                           tosh	equ	0xFFE
   781                           tosl	equ	0xFFD
   782                           stkptr	equ	0xFFC
   783                           pclatu	equ	0xFFB
   784                           pclath	equ	0xFFA
   785                           pcl	equ	0xFF9
   786                           tblptru	equ	0xFF8
   787                           tblptrh	equ	0xFF7
   788                           tblptrl	equ	0xFF6
   789                           tablat	equ	0xFF5
   790                           prodh	equ	0xFF4
   791                           prodl	equ	0xFF3
   792                           indf0	equ	0xFEF
   793                           postinc0	equ	0xFEE
   794                           postdec0	equ	0xFED
   795                           preinc0	equ	0xFEC
   796                           plusw0	equ	0xFEB
   797                           fsr0h	equ	0xFEA
   798                           fsr0l	equ	0xFE9
   799                           wreg	equ	0xFE8
   800                           indf1	equ	0xFE7
   801                           postinc1	equ	0xFE6
   802                           postdec1	equ	0xFE5
   803                           preinc1	equ	0xFE4
   804                           plusw1	equ	0xFE3
   805                           fsr1h	equ	0xFE2
   806                           fsr1l	equ	0xFE1
   807                           bsr	equ	0xFE0
   808                           indf2	equ	0xFDF
   809                           postinc2	equ	0xFDE
   810                           postdec2	equ	0xFDD
   811                           preinc2	equ	0xFDC
   812                           plusw2	equ	0xFDB
   813                           fsr2h	equ	0xFDA
   814                           fsr2l	equ	0xFD9
   815                           status	equ	0xFD8

Data Sizes:
    Strings     1
    Constant    124
    Data        0
    BSS         16
    Persistent  0
    Stack       0

Auto Spaces:
    Space          Size  Autos    Used
    COMRAM           94      7      23
    BANK0           160      0       0
    BANK1           256      0       0
    BANK2           256      0       0
    BANK3           256      0       0
    BANK4           256      0       0
    BANK5           256      0       0
    BANK6           256      0       0
    BANK7           256      0       0
    BANK8           256      0       0
    BANK9           256      0       0
    BANK10          256      0       0
    BANK11          256      0       0
    BANK12          256      0       0
    BANK13          234      0       0

Pointer List with Targets:

    None.

Critical Paths under _main in COMRAM

    None.

Critical Paths under _LowISR in COMRAM

    None.

Critical Paths under _HighISR in COMRAM

    None.

Critical Paths under _main in BANK0

    None.

Critical Paths under _LowISR in BANK0

    None.

Critical Paths under _HighISR in BANK0

    None.

Critical Paths under _main in BANK1

    None.

Critical Paths under _LowISR in BANK1

    None.

Critical Paths under _HighISR in BANK1

    None.

Critical Paths under _main in BANK2

    None.

Critical Paths under _LowISR in BANK2

    None.

Critical Paths under _HighISR in BANK2

    None.

Critical Paths under _main in BANK3

    None.

Critical Paths under _LowISR in BANK3

    None.

Critical Paths under _HighISR in BANK3

    None.

Critical Paths under _main in BANK4

    None.

Critical Paths under _LowISR in BANK4

    None.

Critical Paths under _HighISR in BANK4

    None.

Critical Paths under _main in BANK5

    None.

Critical Paths under _LowISR in BANK5

    None.

Critical Paths under _HighISR in BANK5

    None.

Critical Paths under _main in BANK6

    None.

Critical Paths under _LowISR in BANK6

    None.

Critical Paths under _HighISR in BANK6

    None.

Critical Paths under _main in BANK7

    None.

Critical Paths under _LowISR in BANK7

    None.

Critical Paths under _HighISR in BANK7

    None.

Critical Paths under _main in BANK8

    None.

Critical Paths under _LowISR in BANK8

    None.

Critical Paths under _HighISR in BANK8

    None.

Critical Paths under _main in BANK9

    None.

Critical Paths under _LowISR in BANK9

    None.

Critical Paths under _HighISR in BANK9

    None.

Critical Paths under _main in BANK10

    None.

Critical Paths under _LowISR in BANK10

    None.

Critical Paths under _HighISR in BANK10

    None.

Critical Paths under _main in BANK11

    None.

Critical Paths under _LowISR in BANK11

    None.

Critical Paths under _HighISR in BANK11

    None.

Critical Paths under _main in BANK12

    None.

Critical Paths under _LowISR in BANK12

    None.

Critical Paths under _HighISR in BANK12

    None.

Critical Paths under _main in BANK13

    None.

Critical Paths under _LowISR in BANK13

    None.

Critical Paths under _HighISR in BANK13

    None.

Call Graph Tables:

 ---------------------------------------------------------------------------------
 (Depth) Function   	        Calls       Base Space   Used Autos Params    Refs
 ---------------------------------------------------------------------------------
 (0) _main                                                 2     2      0      30
                                              5 COMRAM     2     2      0
 ---------------------------------------------------------------------------------
 Estimated maximum stack depth 0
 ---------------------------------------------------------------------------------
 (Depth) Function   	        Calls       Base Space   Used Autos Params    Refs
 ---------------------------------------------------------------------------------
 (1) _LowISR                                               4     4      0       0
                                              1 COMRAM     4     4      0
 ---------------------------------------------------------------------------------
 Estimated maximum stack depth 1
 ---------------------------------------------------------------------------------
 (Depth) Function   	        Calls       Base Space   Used Autos Params    Refs
 ---------------------------------------------------------------------------------
 (2) _HighISR                                              1     1      0       0
                                              0 COMRAM     1     1      0
 ---------------------------------------------------------------------------------
 Estimated maximum stack depth 2
 ---------------------------------------------------------------------------------

 Call Graph Graphs:

 _main (ROOT)

 _LowISR (ROOT)

 _HighISR (ROOT)

 Address spaces:
Name               Size   Autos  Total    Cost      Usage
BIGRAM             DE9      0       0      53        0.0%
EEDATA             400      0       0       0        0.0%
BITBANK12          100      0       0      28        0.0%
BANK12             100      0       0      29        0.0%
BITBANK11          100      0       0      26        0.0%
BANK11             100      0       0      27        0.0%
BITBANK10          100      0       0      24        0.0%
BANK10             100      0       0      25        0.0%
BITBANK9           100      0       0      22        0.0%
BANK9              100      0       0      23        0.0%
BITBANK8           100      0       0      20        0.0%
BANK8              100      0       0      21        0.0%
BITBANK7           100      0       0      18        0.0%
BANK7              100      0       0      19        0.0%
BITBANK6           100      0       0      16        0.0%
BANK6              100      0       0      17        0.0%
BITBANK5           100      0       0      14        0.0%
BANK5              100      0       0      15        0.0%
BITBANK4           100      0       0      12        0.0%
BANK4              100      0       0      13        0.0%
BITBANK3           100      0       0      10        0.0%
BANK3              100      0       0      11        0.0%
BITBANK2           100      0       0       8        0.0%
BANK2              100      0       0       9        0.0%
BITBANK1           100      0       0       6        0.0%
BANK1              100      0       0       7        0.0%
BITBANK13           EA      0       0      30        0.0%
BANK13              EA      0       0      31        0.0%
BITBANK0            A0      0       0       4        0.0%
BANK0               A0      0       0       5        0.0%
BITBIGSFRlhlhh      84      0       0      42        0.0%
BITCOMRAM           5E      0       0       0        0.0%
COMRAM              5E      7      17       1       24.5%
BITBIGSFRllhh       5C      0       0      45        0.0%
BITBIGSFRhhll       4A      0       0      34        0.0%
BITBIGSFRlhll       33      0       0      44        0.0%
BITBIGSFRllllll     30      0       0      51        0.0%
BITBIGSFRhhlhh      1B      0       0      33        0.0%
BITBIGSFRlhhhhl     14      0       0      39        0.0%
BITBIGSFRhhh         D      0       0      32        0.0%
BITBIGSFRlhlhll      8      0       0      43        0.0%
BITBIGSFRllllh       7      0       0      49        0.0%
BITBIGSFRllhll       7      0       0      47        0.0%
BITBIGSFRlhhl        6      0       0      41        0.0%
BITBIGSFRlhhhl       3      0       0      40        0.0%
BITBIGSFRhlh         1      0       0      35        0.0%
BITBIGSFRlhhhhl      1      0       0      37        0.0%
BITBIGSFRllhlh       1      0       0      46        0.0%
BITBIGSFRlllllh      1      0       0      50        0.0%
BITBIGSFRlllh        1      0       0      48        0.0%
BITBIGSFRlhhhhl      1      0       0      38        0.0%
BITBIGSFRhll         1      0       0      36        0.0%
BIGSFR               0      0       0     200        0.0%
BITSFR_3             0      0       0     200        0.0%
SFR_3                0      0       0     200        0.0%
BITSFR_2             0      0       0     200        0.0%
SFR_2                0      0       0     200        0.0%
BITSFR_1             0      0       0     200        0.0%
SFR_1                0      0       0     200        0.0%
BITSFR               0      0       0     200        0.0%
SFR                  0      0       0     200        0.0%
STACK                0      0       0       2        0.0%
NULL                 0      0       0       0        0.0%
ABS                  0      0      17      52        0.0%
DATA                 0      0      17       3        0.0%
CODE                 0      0       0       0        0.0%


Microchip Technology PIC18 Macro Assembler V2.40 build 20220703182018 
Symbol Table                                                                                   Thu Nov 03 12:36:51 2022

                      _L1 0E59                        _L2 0E55                        _L3 0E51  
                      _L4 0E4D                        _L5 0E49                        _L6 0E45  
                      _P1 0E41                        _P2 0E3D                        _P3 0E39  
                      _P4 0E35                        _P5 0E31                        _bp 0E69  
                      _cp 0E1D                        bsr 000FE0                       l213 0ECE  
                     u220 0EAC                       u221 0EA8                       u230 0EC8  
                     u231 0EC4                       _lg2 0E2D                       _day 000B  
                     _ovt 0E21                       wreg 000FE8                      l1301 0E80  
                    l1303 0E88                      l1305 0E90                      l1307 0EAC  
                    l1309 0EC8                      STR_1 0E7D                      _cp_h 0E79  
                    _cp_l 0E75                      _dp_h 0E09                      _dp_l 0E01  
                    _main 0E80                      _huge 0E61                      _hour 000D  
                    _week 0009                      _year 0007                      _tiny 0E5D  
                    btemp 0018                      start 008A           __end_of_HighISR 0F14  
            ___param_bank 000000                     ?_main 0011                     _ADPCH 000F5F  
                   i1l179 007A                     i2l172 0F10                     _TMR0H 000FD4  
                   _TMR0L 000FD3                     _lg2_h 0E29                     _lg2_l 0E25  
                   _errno 0005                     _ivln2 0E19           __end_of_ivln2_h 0E75  
         __end_of_ivln2_l 0E19                     _two24 0E65                     main@a 0016  
                   ttemp5 0019                     ttemp6 001C                     ttemp7 0020  
                   status 000FD8                     wtemp8 0019           __initialization 0F14  
            __end_of_cp_h 0E7D              __end_of_cp_l 0E79              __end_of_dp_h 0E11  
            __end_of_dp_l 0E09              __end_of_main 0ED8              __end_of_huge 0E65  
            __end_of_tiny 0E61                    ??_main 0016             __activetblptr 000001  
                  _ADRESH 000F64                    i1l1291 003A                    i1l1293 003E  
                  i1l1295 0042                    i1l1287 0026                    i1l1289 0036  
                  i1l1297 0044                    i1l1299 0058                    i2l1281 0ED8  
                  i2l1283 0EE8                    i2l1285 0F0C                 ??_HighISR 0011  
                  _LowISR 0018                    clear_0 0F1A                    isa$std 000001  
            __mediumconst 0000                    tblptrh 000FF7                    tblptru 000FF8  
        _tiny@sqrtf$F1826 0E11                __accesstop 0060   __end_of__initialization 0F20  
           ___rparam_used 000001            __pcstackCOMRAM 0011             __end_of_lg2_h 0E2D  
           __end_of_lg2_l 0E29             __end_of_ivln2 0E1D             __end_of_two24 0E69  
              __end_of_L1 0E5D                __end_of_L2 0E59                __end_of_L3 0E55  
              __end_of_L4 0E51                __end_of_L5 0E4D                __end_of_L6 0E49  
              __end_of_P1 0E45                __end_of_P2 0E41                __end_of_P3 0E3D  
              __end_of_P4 0E39                __end_of_P5 0E35                __end_of_bp 0E71  
              __end_of_cp 0E21                   ?_LowISR 0011                   i1u20_20 006A  
                 i1u20_21 0062                   i1u21_28 006C                   i1u18_20 0036  
                 i1u18_21 0032                   i1u19_20 0058                   i1u19_21 0054  
                 i2u15_40 0EE8                   i2u15_41 0EE4                   i2u16_40 0EFA  
                 i2u16_41 0EF2                   i2u17_48 0EFC                   _HighISR 0008  
               _ADREFbits 000F58                   __Hparam 0000                   __Lparam 0000  
            __psmallconst 0E00                   __pcinit 0F14                   __ramtop 0E00  
                 __ptext0 0E80                   _ivln2_h 0E71                   _ivln2_l 0E15  
                 _seconds 000F            __pintcode_body 0ED8      end_of_initialization 0F20  
                 int_func 0ED8                   postinc0 000FEE  __end_of_tiny@sqrtf$F1826 0E15  
               _TRISAbits 000F81                 _TRISBbits 000F82                 _TRISDbits 000F84  
               _TRISFbits 000F86                 _TRISGbits 000F87                 _TRISHbits 000F88  
             _CM1CON0bits 000ED0               _CM1CON1bits 000ED1            __end_of_LowISR 008A  
     start_initialization 0F14               __end_of_lg2 0E31               __end_of_ovt 0E25  
                ??_LowISR 0012               __pbssCOMRAM 0001                  ?_HighISR 0011  
               __pintcode 0008               __pintcodelo 0018                 fabsf@F465 0001  
             __smallconst 0E00                  _LATAbits 000F79                  _LATBbits 000F7A  
                _LATDbits 000F7C                  _LATFbits 000F7E                  _LATGbits 000F7F  
                _LATHbits 000F80                  _IPR0bits 000E1F                  _PIE0bits 000E29  
                _IPR2bits 000E21                  _PIE2bits 000E2B                  _PIR0bits 000E33  
                _PIR2bits 000E35                _ADCON0bits 000F60                _CM1NCHbits 000ED2  
              _CM1PCHbits 000ED3                  __Hrparam 0000                  __Lrparam 0000  
            __Lsmallconst 0E00                _ANSELAbits 000E92                _T0CON0bits 000FD5  
              _T0CON1bits 000FD6                  isa$xinst 000000                  int$flags 0018  
              _INTCONbits 000FF2                  intlevel1 0000                  intlevel2 0000  
            _DAC1CON0bits 000EC6              _DAC1CON1bits 000EC7  
