

Microchip MPLAB XC8 Assembler V2.40 build 20220703182018 
                                                                                               Mon Oct 31 23:36:29 2022

Microchip MPLAB XC8 C Compiler v2.40 (Free license) build 20220703182018 Og1 
     1                           	processor	18F67K40
     2                           	fnconf	rparam,??,?,0
     3                           	pagewidth 120
     4                           	opt	flic
     5                           	psect	smallconst,global,reloc=2,class=SMALLCONST,delta=1,noexec
     6                           	psect	cinit,global,reloc=2,class=CODE,delta=1
     7                           	psect	bssCOMRAM,global,class=COMRAM,space=1,delta=1,lowdata,noexec
     8                           	psect	cstackCOMRAM,global,class=COMRAM,space=1,delta=1,lowdata,noexec
     9                           	psect	text0,global,reloc=2,class=CODE,delta=1
    10                           	psect	text1,global,reloc=2,class=CODE,delta=1
    11                           	psect	text2,global,reloc=2,class=CODE,delta=1
    12                           	psect	text3,global,reloc=2,class=CODE,delta=1
    13                           	psect	text4,global,reloc=2,class=CODE,delta=1
    14                           	psect	text5,global,reloc=2,class=CODE,delta=1
    15                           	psect	text6,global,reloc=2,class=CODE,delta=1
    16                           	psect	intcode,global,reloc=2,class=CODE,delta=1
    17                           	psect	intsave_regs,global,class=BIGRAM,space=1,delta=1,noexec
    18                           	psect	rparam,global,class=COMRAM,space=1,delta=1,noexec
    19                           	psect	temp,global,ovrld,common,class=COMRAM,space=1,delta=1
    20                           	psect	idloc,global,abs,ovrld,class=IDLOC,space=5,delta=1,noexec
    21                           	psect	config,global,abs,ovrld,class=CONFIG,space=4,delta=1,noexec
    22   000000                     
    23                           ; Generated 06/04/2022 GMT
    24                           ; 
    25                           ; Copyright © 2022, Microchip Technology Inc. and its subsidiaries ("Microchip")
    26                           ; All rights reserved.
    27                           ; 
    28                           ; This software is developed by Microchip Technology Inc. and its subsidiaries ("Microch
      +                          ip").
    29                           ; 
    30                           ; Redistribution and use in source and binary forms, with or without modification, are
    31                           ; permitted provided that the following conditions are met:
    32                           ; 
    33                           ;     1. Redistributions of source code must retain the above copyright notice, this lis
      +                          t of
    34                           ;        conditions and the following disclaimer.
    35                           ; 
    36                           ;     2. Redistributions in binary form must reproduce the above copyright notice, this 
      +                          list
    37                           ;        of conditions and the following disclaimer in the documentation and/or other
    38                           ;        materials provided with the distribution. Publication is not required when
    39                           ;        this file is used in an embedded application.
    40                           ; 
    41                           ;     3. Microchip's name may not be used to endorse or promote products derived from th
      +                          is
    42                           ;        software without specific prior written permission.
    43                           ; 
    44                           ; THIS SOFTWARE IS PROVIDED BY MICROCHIP "AS IS" AND ANY EXPRESS OR IMPLIED WARRANTIES,
    45                           ; INCLUDING, BUT NOT LIMITED TO, THE IMPLIED WARRANTIES OF MERCHANTABILITY AND FITNESS F
      +                          OR
    46                           ; PURPOSE ARE DISCLAIMED.  IN NO EVENT SHALL MICROCHIP BE LIABLE FOR ANY DIRECT, INDIREC
      +                          T,
    47                           ; INCIDENTAL, SPECIAL, EXEMPLARY, OR CONSEQUENTIAL DAMAGES (INCLUDING BUT NOT LIMITED TO
    48                           ; PROCUREMENT OF SUBSTITUTE GOODS OR SERVICES; LOSS OF USE, DATA OR PROFITS; OR BUSINESS
    49                           ; INTERRUPTION) HOWSOEVER CAUSED AND ON ANY THEORY OF LIABILITY, WHETHER IN CONTRACT, ST
      +                          RICT
    50                           ; LIABILITY, OR TORT (INCLUDING NEGLIGENCE OR OTHERWISE) ARISING IN ANY WAY OUT OF THE U
      +                          SE OF
    51                           ; THIS SOFTWARE, EVEN IF ADVISED OF THE POSSIBILITY OF SUCH DAMAGE.
    52                           ; 
    53                           ; 
    54                           ; Code-generator required, PIC18F67K40 Definitions
    55                           ; 
    56                           ; SFR Addresses
    57   000000                     
    58                           	psect	smallconst
    59   000E00                     __psmallconst:
    60                           	callstack 0
    61   000E00  00                 	db	0
    62   000E01  0000               	dw	0
    63   000E03  0000               	dw	0
    64   000E05  CFDC               	dw	53212
    65   000E07  35D1               	dw	13777
    66   000E09                     __end_of_dp_l:
    67                           	callstack 0
    68   000E09  0000               	dw	0
    69   000E0B  0000               	dw	0
    70   000E0D  C000               	dw	49152
    71   000E0F  3F15               	dw	16149
    72   000E11                     __end_of_dp_h:
    73                           	callstack 0
    74   000E11  4260               	dw	16992
    75   000E13  0DA2               	dw	3490
    76   000E15                     __end_of_tiny@sqrtf$F1647:
    77                           	callstack 0
    78   000E15  A570               	dw	42352
    79   000E17  36EC               	dw	14060
    80   000E19                     __end_of_ivln2_l:
    81                           	callstack 0
    82   000E19  AA3B               	dw	43579
    83   000E1B  3FB8               	dw	16312
    84   000E1D                     __end_of_ivln2:
    85                           	callstack 0
    86   000E1D  384F               	dw	14415
    87   000E1F  3F76               	dw	16246
    88   000E21                     __end_of_cp:
    89                           	callstack 0
    90   000E21  AA3C               	dw	43580
    91   000E23  3338               	dw	13112
    92   000E25                     __end_of_ovt:
    93                           	callstack 0
    94   000E25  BE8C               	dw	48780
    95   000E27  35BF               	dw	13759
    96   000E29                     __end_of_lg2_l:
    97                           	callstack 0
    98   000E29  7200               	dw	29184
    99   000E2B  3F31               	dw	16177
   100   000E2D                     __end_of_lg2_h:
   101                           	callstack 0
   102   000E2D  7218               	dw	29208
   103   000E2F  3F31               	dw	16177
   104   000E31                     __end_of_lg2:
   105                           	callstack 0
   106   000E31  BB4C               	dw	47948
   107   000E33  3331               	dw	13105
   108   000E35                     __end_of_P5:
   109                           	callstack 0
   110   000E35  EA0E               	dw	59918
   111   000E37  B5DD               	dw	46557
   112   000E39                     __end_of_P4:
   113                           	callstack 0
   114   000E39  B355               	dw	45909
   115   000E3B  388A               	dw	14474
   116   000E3D                     __end_of_P3:
   117                           	callstack 0
   118   000E3D  0B61               	dw	2913
   119   000E3F  BB36               	dw	47926
   120   000E41                     __end_of_P2:
   121                           	callstack 0
   122   000E41  AAAB               	dw	43691
   123   000E43  3E2A               	dw	15914
   124   000E45                     __end_of_P1:
   125                           	callstack 0
   126   000E45  F142               	dw	61762
   127   000E47  3E53               	dw	15955
   128   000E49                     __end_of_L6:
   129                           	callstack 0
   130   000E49  3255               	dw	12885
   131   000E4B  3E6C               	dw	15980
   132   000E4D                     __end_of_L5:
   133                           	callstack 0
   134   000E4D  A305               	dw	41733
   135   000E4F  3E8B               	dw	16011
   136   000E51                     __end_of_L4:
   137                           	callstack 0
   138   000E51  AAAB               	dw	43691
   139   000E53  3EAA               	dw	16042
   140   000E55                     __end_of_L3:
   141                           	callstack 0
   142   000E55  6DB7               	dw	28087
   143   000E57  3EDB               	dw	16091
   144   000E59                     __end_of_L2:
   145                           	callstack 0
   146   000E59  999A               	dw	39322
   147   000E5B  3F19               	dw	16153
   148   000E5D                     __end_of_L1:
   149                           	callstack 0
   150   000E5D  4260               	dw	16992
   151   000E5F  0DA2               	dw	3490
   152   000E61                     __end_of_tiny:
   153                           	callstack 0
   154   000E61  F2CA               	dw	62154
   155   000E63  7149               	dw	29001
   156   000E65                     __end_of_huge:
   157                           	callstack 0
   158   000E65  0000               	dw	0
   159   000E67  4B80               	dw	19328
   160   000E69                     __end_of_two24:
   161                           	callstack 0
   162   000E69  0000               	dw	0
   163   000E6B  3F80               	dw	16256
   164   000E6D  0000               	dw	0
   165   000E6F  3FC0               	dw	16320
   166   000E71                     __end_of_bp:
   167                           	callstack 0
   168   000E71  AA00               	dw	43520
   169   000E73  3FB8               	dw	16312
   170   000E75                     __end_of_ivln2_h:
   171                           	callstack 0
   172   000E75  23C6               	dw	9158
   173   000E77  B8F6               	dw	47350
   174   000E79                     __end_of_cp_l:
   175                           	callstack 0
   176   000E79  4000               	dw	16384
   177   000E7B  3F76               	dw	16246
   178   000E7D                     __end_of_cp_h:
   179                           	callstack 0
   180   000000                     _LATHbits	set	3968
   181   000000                     _CM1CON1bits	set	3793
   182   000000                     _PIE2bits	set	3627
   183   000000                     _ANSELAbits	set	3730
   184   000000                     _TRISAbits	set	3969
   185   000000                     _TRISDbits	set	3972
   186   000000                     _TRISBbits	set	3970
   187   000000                     _TRISFbits	set	3974
   188   000000                     _TRISGbits	set	3975
   189   000000                     _DAC1CON0bits	set	3782
   190   000000                     _ADREFbits	set	3928
   191   000000                     _ADPCH	set	3935
   192   000000                     _ADRESH	set	3940
   193   000000                     _ADCON0bits	set	3936
   194   000000                     _LATAbits	set	3961
   195   000000                     _LATGbits	set	3967
   196   000000                     _TMR0L	set	4051
   197   000000                     _TMR0H	set	4052
   198   000000                     _T0CON0bits	set	4053
   199   000000                     _T0CON1bits	set	4054
   200   000000                     _TRISHbits	set	3976
   201   000000                     _INTCONbits	set	4082
   202   000000                     _LATDbits	set	3964
   203   000000                     _LATBbits	set	3962
   204   000000                     _LATFbits	set	3966
   205   000000                     _CM1CON0bits	set	3792
   206   000000                     _CM1NCHbits	set	3794
   207   000000                     _DAC1CON1bits	set	3783
   208   000000                     _CM1PCHbits	set	3795
   209   000000                     _PIR2bits	set	3637
   210   000E7D                     
   211                           ; BSR set to: 14
   212   000E7D  00                 	db	0
   213   000E7E  00                 	db	0	; dummy byte at the end
   214   000000                     
   215                           ; #config settings
   216                           
   217                           	psect	cinit
   218   000F32                     __pcinit:
   219                           	callstack 0
   220   000F32                     start_initialization:
   221                           	callstack 0
   222   000F32                     __initialization:
   223                           	callstack 0
   224                           
   225                           ; Clear objects allocated to COMRAM (6 bytes)
   226   000F32  6A06               	clrf	(__pbssCOMRAM+5)& (0+255),c
   227   000F34  6A05               	clrf	(__pbssCOMRAM+4)& (0+255),c
   228   000F36  6A04               	clrf	(__pbssCOMRAM+3)& (0+255),c
   229   000F38  6A03               	clrf	(__pbssCOMRAM+2)& (0+255),c
   230   000F3A  6A02               	clrf	(__pbssCOMRAM+1)& (0+255),c
   231   000F3C  6A01               	clrf	__pbssCOMRAM& (0+255),c
   232   000F3E                     end_of_initialization:
   233                           	callstack 0
   234   000F3E                     __end_of__initialization:
   235                           	callstack 0
   236   000F3E  9008               	bcf	int$flags,0,c	;clear compiler interrupt flag (level 1)
   237   000F40  9208               	bcf	int$flags,1,c	;clear compiler interrupt flag (level 2)
   238   000F42  0E00               	movlw	low (__Lsmallconst shr (0+16))
   239   000F44  6EF8               	movwf	tblptru,c
   240   000F46  0E0E               	movlw	high __Lsmallconst
   241   000F48  6EF7               	movwf	tblptrh,c
   242   000F4A  0100               	movlb	0
   243   000F4C  EF53  F007         	goto	_main	;jump to C main() function
   244                           
   245                           	psect	bssCOMRAM
   246   000001                     __pbssCOMRAM:
   247                           	callstack 0
   248   000001                     	ds	4
   249   000005                     _errno:
   250                           	callstack 0
   251   000005                     	ds	2
   252                           
   253                           	psect	cstackCOMRAM
   254   000007                     __pcstackCOMRAM:
   255                           	callstack 0
   256   000007                     ??_HighISR:
   257   000007                     
   258                           ; 1 bytes @ 0x0
   259   000007                     	ds	1
   260   000008                     
   261                           ; 1 bytes @ 0x1
   262 ;;
   263 ;;Main: autosize = 0, tempsize = 0, incstack = 0, save=0
   264 ;;
   265 ;; *************** function _main *****************
   266 ;; Defined at:
   267 ;;		line 17 in file "main.c"
   268 ;; Parameters:    Size  Location     Type
   269 ;;		None
   270 ;; Auto vars:     Size  Location     Type
   271 ;;		None
   272 ;; Return value:  Size  Location     Type
   273 ;;                  1    wreg      void 
   274 ;; Registers used:
   275 ;;		wreg, status,2, cstack
   276 ;; Tracked objects:
   277 ;;		On entry : 0/0
   278 ;;		On exit  : 0/0
   279 ;;		Unchanged: 0/0
   280 ;; Data sizes:     COMRAM   BANK0   BANK1   BANK2   BANK3   BANK4   BANK5   BANK6   BANK7   BANK8   BANK9  BANK10  BANK1
      +1  BANK12  BANK13
   281 ;;      Params:         0       0       0       0       0       0       0       0       0       0       0       0       
      +0       0       0
   282 ;;      Locals:         0       0       0       0       0       0       0       0       0       0       0       0       
      +0       0       0
   283 ;;      Temps:          0       0       0       0       0       0       0       0       0       0       0       0       
      +0       0       0
   284 ;;      Totals:         0       0       0       0       0       0       0       0       0       0       0       0       
      +0       0       0
   285 ;;Total ram usage:        0 bytes
   286 ;; Hardware stack levels required when called: 3
   287 ;; This function calls:
   288 ;;		_Comp1_init
   289 ;;		_Comp1_inithigh
   290 ;;		_Interrupts_init
   291 ;;		_LEDarray_init
   292 ;;		_Timer0_init
   293 ;; This function is called by:
   294 ;;		Startup code after reset
   295 ;; This function uses a non-reentrant model
   296 ;;
   297                           
   298                           	psect	text0
   299   000EA6                     __ptext0:
   300                           	callstack 0
   301   000EA6                     _main:
   302                           	callstack 28
   303   000EA6                     
   304                           ;main.c: 19:     LATHbits.LATH3=1;
   305   000EA6  8680               	bsf	128,3,c	;volatile
   306                           
   307                           ;main.c: 20:     TRISHbits.TRISH3=0;
   308   000EA8  9688               	bcf	136,3,c	;volatile
   309                           
   310                           ;main.c: 21:     LATDbits.LATD7=0;
   311   000EAA  9E7C               	bcf	124,7,c	;volatile
   312                           
   313                           ;main.c: 22:     TRISDbits.TRISD7=0;
   314   000EAC  9E84               	bcf	132,7,c	;volatile
   315   000EAE                     
   316                           ;main.c: 25:     LEDarray_init();
   317   000EAE  EC40  F007         	call	_LEDarray_init	;wreg free
   318   000EB2                     
   319                           ;main.c: 26:     Timer0_init();
   320   000EB2  EC89  F007         	call	_Timer0_init	;wreg free
   321   000EB6                     
   322                           ;main.c: 27:     Comp1_init();
   323   000EB6  EC77  F007         	call	_Comp1_init	;wreg free
   324   000EBA                     
   325                           ;main.c: 28:     Comp1_inithigh();
   326   000EBA  EC65  F007         	call	_Comp1_inithigh	;wreg free
   327   000EBE                     
   328                           ;main.c: 29:     Interrupts_init();
   329   000EBE  ECB2  F007         	call	_Interrupts_init	;wreg free
   330   000EC2                     l128:
   331   000EC2  EF61  F007         	goto	l128
   332   000EC6  EF23  F000         	goto	start
   333   000ECA                     __end_of_main:
   334                           	callstack 0
   335                           
   336 ;; *************** function _Timer0_init *****************
   337 ;; Defined at:
   338 ;;		line 7 in file "timers.c"
   339 ;; Parameters:    Size  Location     Type
   340 ;;		None
   341 ;; Auto vars:     Size  Location     Type
   342 ;;		None
   343 ;; Return value:  Size  Location     Type
   344 ;;                  1    wreg      void 
   345 ;; Registers used:
   346 ;;		wreg, status,2
   347 ;; Tracked objects:
   348 ;;		On entry : 0/0
   349 ;;		On exit  : 0/0
   350 ;;		Unchanged: 0/0
   351 ;; Data sizes:     COMRAM   BANK0   BANK1   BANK2   BANK3   BANK4   BANK5   BANK6   BANK7   BANK8   BANK9  BANK10  BANK1
      +1  BANK12  BANK13
   352 ;;      Params:         0       0       0       0       0       0       0       0       0       0       0       0       
      +0       0       0
   353 ;;      Locals:         0       0       0       0       0       0       0       0       0       0       0       0       
      +0       0       0
   354 ;;      Temps:          0       0       0       0       0       0       0       0       0       0       0       0       
      +0       0       0
   355 ;;      Totals:         0       0       0       0       0       0       0       0       0       0       0       0       
      +0       0       0
   356 ;;Total ram usage:        0 bytes
   357 ;; Hardware stack levels used: 1
   358 ;; Hardware stack levels required when called: 1
   359 ;; This function calls:
   360 ;;		Nothing
   361 ;; This function is called by:
   362 ;;		_main
   363 ;; This function uses a non-reentrant model
   364 ;;
   365                           
   366                           	psect	text1
   367   000F12                     __ptext1:
   368                           	callstack 0
   369   000F12                     _Timer0_init:
   370                           	callstack 29
   371   000F12                     
   372                           ;timers.c: 9:     T0CON1bits.T0CS=0b010;
   373   000F12  50D6               	movf	214,w,c	;volatile
   374   000F14  0B1F               	andlw	-225
   375   000F16  0940               	iorlw	64
   376   000F18  6ED6               	movwf	214,c	;volatile
   377   000F1A                     
   378                           ;timers.c: 10:     T0CON1bits.T0ASYNC=1;
   379   000F1A  88D6               	bsf	214,4,c	;volatile
   380                           
   381                           ;timers.c: 11:     T0CON1bits.T0CKPS=0b1000;
   382   000F1C  50D6               	movf	214,w,c	;volatile
   383   000F1E  0BF0               	andlw	-16
   384   000F20  0908               	iorlw	8
   385   000F22  6ED6               	movwf	214,c	;volatile
   386   000F24                     
   387                           ;timers.c: 12:     T0CON0bits.T016BIT=1;
   388   000F24  88D5               	bsf	213,4,c	;volatile
   389                           
   390                           ;timers.c: 15:     TMR0H=0b00001011;
   391   000F26  0E0B               	movlw	11
   392   000F28  6ED4               	movwf	212,c	;volatile
   393                           
   394                           ;timers.c: 16:     TMR0L=0b11011011;
   395   000F2A  0EDB               	movlw	219
   396   000F2C  6ED3               	movwf	211,c	;volatile
   397   000F2E                     
   398                           ;timers.c: 17:     T0CON0bits.T0EN=1;
   399   000F2E  8ED5               	bsf	213,7,c	;volatile
   400   000F30  0012               	return		;funcret
   401   000F32                     __end_of_Timer0_init:
   402                           	callstack 0
   403                           
   404 ;; *************** function _LEDarray_init *****************
   405 ;; Defined at:
   406 ;;		line 9 in file "LEDarray.c"
   407 ;; Parameters:    Size  Location     Type
   408 ;;		None
   409 ;; Auto vars:     Size  Location     Type
   410 ;;		None
   411 ;; Return value:  Size  Location     Type
   412 ;;                  1    wreg      void 
   413 ;; Registers used:
   414 ;;		None
   415 ;; Tracked objects:
   416 ;;		On entry : 0/0
   417 ;;		On exit  : 0/0
   418 ;;		Unchanged: 0/0
   419 ;; Data sizes:     COMRAM   BANK0   BANK1   BANK2   BANK3   BANK4   BANK5   BANK6   BANK7   BANK8   BANK9  BANK10  BANK1
      +1  BANK12  BANK13
   420 ;;      Params:         0       0       0       0       0       0       0       0       0       0       0       0       
      +0       0       0
   421 ;;      Locals:         0       0       0       0       0       0       0       0       0       0       0       0       
      +0       0       0
   422 ;;      Temps:          0       0       0       0       0       0       0       0       0       0       0       0       
      +0       0       0
   423 ;;      Totals:         0       0       0       0       0       0       0       0       0       0       0       0       
      +0       0       0
   424 ;;Total ram usage:        0 bytes
   425 ;; Hardware stack levels used: 1
   426 ;; Hardware stack levels required when called: 1
   427 ;; This function calls:
   428 ;;		Nothing
   429 ;; This function is called by:
   430 ;;		_main
   431 ;; This function uses a non-reentrant model
   432 ;;
   433                           
   434                           	psect	text2
   435   000E80                     __ptext2:
   436                           	callstack 0
   437   000E80                     _LEDarray_init:
   438                           	callstack 29
   439   000E80                     
   440                           ;LEDarray.c: 12:     TRISGbits.TRISG0 = 0;
   441   000E80  9087               	bcf	135,0,c	;volatile
   442                           
   443                           ;LEDarray.c: 13:     TRISGbits.TRISG1 = 0;
   444   000E82  9287               	bcf	135,1,c	;volatile
   445                           
   446                           ;LEDarray.c: 14:     TRISAbits.TRISA2 = 0;
   447   000E84  9481               	bcf	129,2,c	;volatile
   448                           
   449                           ;LEDarray.c: 15:     TRISFbits.TRISF6 = 0;
   450   000E86  9C86               	bcf	134,6,c	;volatile
   451                           
   452                           ;LEDarray.c: 16:     TRISAbits.TRISA4 = 0;
   453   000E88  9881               	bcf	129,4,c	;volatile
   454                           
   455                           ;LEDarray.c: 17:     TRISAbits.TRISA5 = 0;
   456   000E8A  9A81               	bcf	129,5,c	;volatile
   457                           
   458                           ;LEDarray.c: 18:     TRISFbits.TRISF0 = 0;
   459   000E8C  9086               	bcf	134,0,c	;volatile
   460                           
   461                           ;LEDarray.c: 19:     TRISBbits.TRISB0 = 0;
   462   000E8E  9082               	bcf	130,0,c	;volatile
   463                           
   464                           ;LEDarray.c: 20:     TRISBbits.TRISB1 = 0;
   465   000E90  9282               	bcf	130,1,c	;volatile
   466                           
   467                           ;LEDarray.c: 23:     LATGbits.LATG0 = 0;
   468   000E92  907F               	bcf	127,0,c	;volatile
   469                           
   470                           ;LEDarray.c: 24:     LATGbits.LATG1 = 0;
   471   000E94  927F               	bcf	127,1,c	;volatile
   472                           
   473                           ;LEDarray.c: 25:     LATAbits.LATA2 = 0;
   474   000E96  9479               	bcf	121,2,c	;volatile
   475                           
   476                           ;LEDarray.c: 26:     LATFbits.LATF6 = 0;
   477   000E98  9C7E               	bcf	126,6,c	;volatile
   478                           
   479                           ;LEDarray.c: 27:     LATAbits.LATA4 = 0;
   480   000E9A  9879               	bcf	121,4,c	;volatile
   481                           
   482                           ;LEDarray.c: 28:     LATAbits.LATA5 = 0;
   483   000E9C  9A79               	bcf	121,5,c	;volatile
   484                           
   485                           ;LEDarray.c: 29:     LATFbits.LATF0 = 0;
   486   000E9E  907E               	bcf	126,0,c	;volatile
   487                           
   488                           ;LEDarray.c: 30:     LATBbits.LATB0 = 0;
   489   000EA0  907A               	bcf	122,0,c	;volatile
   490                           
   491                           ;LEDarray.c: 31:     LATBbits.LATB1 = 0;
   492   000EA2  927A               	bcf	122,1,c	;volatile
   493   000EA4  0012               	return		;funcret
   494   000EA6                     __end_of_LEDarray_init:
   495                           	callstack 0
   496                           
   497 ;; *************** function _Interrupts_init *****************
   498 ;; Defined at:
   499 ;;		line 8 in file "interrupts.c"
   500 ;; Parameters:    Size  Location     Type
   501 ;;		None
   502 ;; Auto vars:     Size  Location     Type
   503 ;;		None
   504 ;; Return value:  Size  Location     Type
   505 ;;                  1    wreg      void 
   506 ;; Registers used:
   507 ;;		None
   508 ;; Tracked objects:
   509 ;;		On entry : 0/0
   510 ;;		On exit  : 0/0
   511 ;;		Unchanged: 0/0
   512 ;; Data sizes:     COMRAM   BANK0   BANK1   BANK2   BANK3   BANK4   BANK5   BANK6   BANK7   BANK8   BANK9  BANK10  BANK1
      +1  BANK12  BANK13
   513 ;;      Params:         0       0       0       0       0       0       0       0       0       0       0       0       
      +0       0       0
   514 ;;      Locals:         0       0       0       0       0       0       0       0       0       0       0       0       
      +0       0       0
   515 ;;      Temps:          0       0       0       0       0       0       0       0       0       0       0       0       
      +0       0       0
   516 ;;      Totals:         0       0       0       0       0       0       0       0       0       0       0       0       
      +0       0       0
   517 ;;Total ram usage:        0 bytes
   518 ;; Hardware stack levels used: 1
   519 ;; Hardware stack levels required when called: 1
   520 ;; This function calls:
   521 ;;		Nothing
   522 ;; This function is called by:
   523 ;;		_main
   524 ;; This function uses a non-reentrant model
   525 ;;
   526                           
   527                           	psect	text3
   528   000F64                     __ptext3:
   529                           	callstack 0
   530   000F64                     _Interrupts_init:
   531                           	callstack 29
   532   000F64                     
   533                           ;interrupts.c: 12:     PIE2bits.C1IE=1;
   534   000F64  010E               	movlb	14	; () banked
   535   000F66  812B               	bsf	43,0,b	;volatile
   536                           
   537                           ;interrupts.c: 13:     INTCONbits.PEIE=1;
   538   000F68  8CF2               	bsf	242,6,c	;volatile
   539                           
   540                           ;interrupts.c: 14:     INTCONbits.GIE=1;
   541   000F6A  8EF2               	bsf	242,7,c	;volatile
   542   000F6C                     
   543                           ; BSR set to: 14
   544   000F6C  0012               	return		;funcret
   545   000F6E                     __end_of_Interrupts_init:
   546                           	callstack 0
   547                           
   548 ;; *************** function _Comp1_inithigh *****************
   549 ;; Defined at:
   550 ;;		line 37 in file "comparator.c"
   551 ;; Parameters:    Size  Location     Type
   552 ;;		None
   553 ;; Auto vars:     Size  Location     Type
   554 ;;		None
   555 ;; Return value:  Size  Location     Type
   556 ;;                  1    wreg      void 
   557 ;; Registers used:
   558 ;;		wreg, status,2, cstack
   559 ;; Tracked objects:
   560 ;;		On entry : 0/0
   561 ;;		On exit  : 0/0
   562 ;;		Unchanged: 0/0
   563 ;; Data sizes:     COMRAM   BANK0   BANK1   BANK2   BANK3   BANK4   BANK5   BANK6   BANK7   BANK8   BANK9  BANK10  BANK1
      +1  BANK12  BANK13
   564 ;;      Params:         0       0       0       0       0       0       0       0       0       0       0       0       
      +0       0       0
   565 ;;      Locals:         0       0       0       0       0       0       0       0       0       0       0       0       
      +0       0       0
   566 ;;      Temps:          0       0       0       0       0       0       0       0       0       0       0       0       
      +0       0       0
   567 ;;      Totals:         0       0       0       0       0       0       0       0       0       0       0       0       
      +0       0       0
   568 ;;Total ram usage:        0 bytes
   569 ;; Hardware stack levels used: 1
   570 ;; Hardware stack levels required when called: 2
   571 ;; This function calls:
   572 ;;		_DAC_init
   573 ;; This function is called by:
   574 ;;		_main
   575 ;; This function uses a non-reentrant model
   576 ;;
   577                           
   578                           	psect	text4
   579   000ECA                     __ptext4:
   580                           	callstack 0
   581   000ECA                     _Comp1_inithigh:
   582                           	callstack 28
   583   000ECA                     
   584                           ;comparator.c: 39:     TRISFbits.TRISF7=1;
   585   000ECA  8E86               	bsf	134,7,c	;volatile
   586   000ECC                     
   587                           ;comparator.c: 40:     CM1NCHbits.NCH=0b011;
   588   000ECC  010E               	movlb	14	; () banked
   589   000ECE  51D2               	movf	210,w,b	;volatile
   590   000ED0  0BF8               	andlw	-8
   591   000ED2  0903               	iorlw	3
   592   000ED4  6FD2               	movwf	210,b	;volatile
   593                           
   594                           ;comparator.c: 41:     CM1PCHbits.PCH=0b101;
   595   000ED6  51D3               	movf	211,w,b	;volatile
   596   000ED8  0BF8               	andlw	-8
   597   000EDA  0905               	iorlw	5
   598   000EDC  6FD3               	movwf	211,b	;volatile
   599   000EDE                     
   600                           ; BSR set to: 14
   601                           ;comparator.c: 42:     CM1CON0bits.HYS=1;
   602   000EDE  83D0               	bsf	208,1,b	;volatile
   603   000EE0                     
   604                           ; BSR set to: 14
   605                           ;comparator.c: 43:     CM1CON0bits.POL=1;
   606   000EE0  89D0               	bsf	208,4,b	;volatile
   607   000EE2                     
   608                           ; BSR set to: 14
   609                           ;comparator.c: 44:     CM1CON1bits.INTN=1;
   610   000EE2  81D1               	bsf	209,0,b	;volatile
   611   000EE4                     
   612                           ; BSR set to: 14
   613                           ;comparator.c: 45:     DAC_init();
   614   000EE4  ECA8  F007         	call	_DAC_init	;wreg free
   615   000EE8                     
   616                           ;comparator.c: 46:     CM1CON0bits.EN=1;
   617   000EE8  010E               	movlb	14	; () banked
   618   000EEA  8FD0               	bsf	208,7,b	;volatile
   619   000EEC                     
   620                           ; BSR set to: 14
   621   000EEC  0012               	return		;funcret
   622   000EEE                     __end_of_Comp1_inithigh:
   623                           	callstack 0
   624                           
   625 ;; *************** function _Comp1_init *****************
   626 ;; Defined at:
   627 ;;		line 24 in file "comparator.c"
   628 ;; Parameters:    Size  Location     Type
   629 ;;		None
   630 ;; Auto vars:     Size  Location     Type
   631 ;;		None
   632 ;; Return value:  Size  Location     Type
   633 ;;                  1    wreg      void 
   634 ;; Registers used:
   635 ;;		wreg, status,2, cstack
   636 ;; Tracked objects:
   637 ;;		On entry : 0/0
   638 ;;		On exit  : 0/0
   639 ;;		Unchanged: 0/0
   640 ;; Data sizes:     COMRAM   BANK0   BANK1   BANK2   BANK3   BANK4   BANK5   BANK6   BANK7   BANK8   BANK9  BANK10  BANK1
      +1  BANK12  BANK13
   641 ;;      Params:         0       0       0       0       0       0       0       0       0       0       0       0       
      +0       0       0
   642 ;;      Locals:         0       0       0       0       0       0       0       0       0       0       0       0       
      +0       0       0
   643 ;;      Temps:          0       0       0       0       0       0       0       0       0       0       0       0       
      +0       0       0
   644 ;;      Totals:         0       0       0       0       0       0       0       0       0       0       0       0       
      +0       0       0
   645 ;;Total ram usage:        0 bytes
   646 ;; Hardware stack levels used: 1
   647 ;; Hardware stack levels required when called: 2
   648 ;; This function calls:
   649 ;;		_DAC_init
   650 ;; This function is called by:
   651 ;;		_main
   652 ;; This function uses a non-reentrant model
   653 ;;
   654                           
   655                           	psect	text5
   656   000EEE                     __ptext5:
   657                           	callstack 0
   658   000EEE                     _Comp1_init:
   659                           	callstack 28
   660   000EEE                     
   661                           ;comparator.c: 26:     TRISFbits.TRISF7=1;
   662   000EEE  8E86               	bsf	134,7,c	;volatile
   663   000EF0                     
   664                           ;comparator.c: 27:     CM1NCHbits.NCH=0b011;
   665   000EF0  010E               	movlb	14	; () banked
   666   000EF2  51D2               	movf	210,w,b	;volatile
   667   000EF4  0BF8               	andlw	-8
   668   000EF6  0903               	iorlw	3
   669   000EF8  6FD2               	movwf	210,b	;volatile
   670                           
   671                           ;comparator.c: 28:     CM1PCHbits.PCH=0b101;
   672   000EFA  51D3               	movf	211,w,b	;volatile
   673   000EFC  0BF8               	andlw	-8
   674   000EFE  0905               	iorlw	5
   675   000F00  6FD3               	movwf	211,b	;volatile
   676   000F02                     
   677                           ; BSR set to: 14
   678                           ;comparator.c: 29:     CM1CON0bits.HYS=1;
   679   000F02  83D0               	bsf	208,1,b	;volatile
   680   000F04                     
   681                           ; BSR set to: 14
   682                           ;comparator.c: 30:     CM1CON0bits.POL=1;
   683   000F04  89D0               	bsf	208,4,b	;volatile
   684   000F06                     
   685                           ; BSR set to: 14
   686                           ;comparator.c: 31:     CM1CON1bits.INTP=1;
   687   000F06  83D1               	bsf	209,1,b	;volatile
   688   000F08                     
   689                           ; BSR set to: 14
   690                           ;comparator.c: 32:     DAC_init();
   691   000F08  ECA8  F007         	call	_DAC_init	;wreg free
   692   000F0C                     
   693                           ;comparator.c: 33:     CM1CON0bits.EN=1;
   694   000F0C  010E               	movlb	14	; () banked
   695   000F0E  8FD0               	bsf	208,7,b	;volatile
   696   000F10                     
   697                           ; BSR set to: 14
   698   000F10  0012               	return		;funcret
   699   000F12                     __end_of_Comp1_init:
   700                           	callstack 0
   701                           
   702 ;; *************** function _DAC_init *****************
   703 ;; Defined at:
   704 ;;		line 7 in file "comparator.c"
   705 ;; Parameters:    Size  Location     Type
   706 ;;		None
   707 ;; Auto vars:     Size  Location     Type
   708 ;;		None
   709 ;; Return value:  Size  Location     Type
   710 ;;                  1    wreg      void 
   711 ;; Registers used:
   712 ;;		wreg, status,2
   713 ;; Tracked objects:
   714 ;;		On entry : 0/0
   715 ;;		On exit  : 0/0
   716 ;;		Unchanged: 0/0
   717 ;; Data sizes:     COMRAM   BANK0   BANK1   BANK2   BANK3   BANK4   BANK5   BANK6   BANK7   BANK8   BANK9  BANK10  BANK1
      +1  BANK12  BANK13
   718 ;;      Params:         0       0       0       0       0       0       0       0       0       0       0       0       
      +0       0       0
   719 ;;      Locals:         0       0       0       0       0       0       0       0       0       0       0       0       
      +0       0       0
   720 ;;      Temps:          0       0       0       0       0       0       0       0       0       0       0       0       
      +0       0       0
   721 ;;      Totals:         0       0       0       0       0       0       0       0       0       0       0       0       
      +0       0       0
   722 ;;Total ram usage:        0 bytes
   723 ;; Hardware stack levels used: 1
   724 ;; Hardware stack levels required when called: 1
   725 ;; This function calls:
   726 ;;		Nothing
   727 ;; This function is called by:
   728 ;;		_Comp1_init
   729 ;;		_Comp1_inithigh
   730 ;; This function uses a non-reentrant model
   731 ;;
   732                           
   733                           	psect	text6
   734   000F50                     __ptext6:
   735                           	callstack 0
   736   000F50                     _DAC_init:
   737                           	callstack 28
   738   000F50                     
   739                           ;comparator.c: 9:     DAC1CON0bits.PSS=0b00;
   740   000F50  0EF3               	movlw	-13
   741   000F52  010E               	movlb	14	; () banked
   742   000F54  17C6               	andwf	198,f,b	;volatile
   743   000F56                     
   744                           ; BSR set to: 14
   745                           ;comparator.c: 10:     DAC1CON0bits.NSS=0b0;
   746   000F56  91C6               	bcf	198,0,b	;volatile
   747                           
   748                           ;comparator.c: 14:     DAC1CON1bits.DAC1R=0b11110;
   749   000F58  51C7               	movf	199,w,b	;volatile
   750   000F5A  0BE0               	andlw	-32
   751   000F5C  091E               	iorlw	30
   752   000F5E  6FC7               	movwf	199,b	;volatile
   753   000F60                     
   754                           ; BSR set to: 14
   755                           ;comparator.c: 15:     DAC1CON0bits.DAC1EN=1;
   756   000F60  8FC6               	bsf	198,7,b	;volatile
   757   000F62                     
   758                           ; BSR set to: 14
   759   000F62  0012               	return		;funcret
   760   000F64                     __end_of_DAC_init:
   761                           	callstack 0
   762                           
   763 ;; *************** function _HighISR *****************
   764 ;; Defined at:
   765 ;;		line 22 in file "interrupts.c"
   766 ;; Parameters:    Size  Location     Type
   767 ;;		None
   768 ;; Auto vars:     Size  Location     Type
   769 ;;		None
   770 ;; Return value:  Size  Location     Type
   771 ;;                  1    wreg      void 
   772 ;; Registers used:
   773 ;;		wreg, status,2, status,0
   774 ;; Tracked objects:
   775 ;;		On entry : 0/0
   776 ;;		On exit  : 0/0
   777 ;;		Unchanged: 0/0
   778 ;; Data sizes:     COMRAM   BANK0   BANK1   BANK2   BANK3   BANK4   BANK5   BANK6   BANK7   BANK8   BANK9  BANK10  BANK1
      +1  BANK12  BANK13
   779 ;;      Params:         0       0       0       0       0       0       0       0       0       0       0       0       
      +0       0       0
   780 ;;      Locals:         0       0       0       0       0       0       0       0       0       0       0       0       
      +0       0       0
   781 ;;      Temps:          1       0       0       0       0       0       0       0       0       0       0       0       
      +0       0       0
   782 ;;      Totals:         1       0       0       0       0       0       0       0       0       0       0       0       
      +0       0       0
   783 ;;Total ram usage:        1 bytes
   784 ;; Hardware stack levels used: 1
   785 ;; This function calls:
   786 ;;		Nothing
   787 ;; This function is called by:
   788 ;;		Interrupt level 2
   789 ;; This function uses a non-reentrant model
   790 ;;
   791                           
   792                           	psect	intcode
   793   000008                     __pintcode:
   794                           	callstack 0
   795   000008                     _HighISR:
   796                           	callstack 28
   797                           
   798                           ; BSR set to: 14
   799                           ;incstack = 0
   800   000008  8208               	bsf	int$flags,1,c	;set compiler interrupt flag (level 2)
   801   00000A                     
   802                           ;interrupts.c: 26:     if(PIR2bits.C1IF){
   803   00000A  010E               	movlb	14	; () banked
   804   00000C  A135               	btfss	53,0,b	;volatile
   805   00000E  EF0B  F000         	goto	i2u15_41
   806   000012  EF0D  F000         	goto	i2u15_40
   807   000016                     i2u15_41:
   808   000016  EF21  F000         	goto	i2l105
   809   00001A                     i2u15_40:
   810   00001A                     
   811                           ; BSR set to: 14
   812                           ;interrupts.c: 27:         LATHbits.LATH3 = !LATHbits.LATH3;
   813   00001A  A680               	btfss	128,3,c	;volatile
   814   00001C  EF12  F000         	goto	i2u16_41
   815   000020  EF16  F000         	goto	i2u16_40
   816   000024                     i2u16_41:
   817   000024  6A07               	clrf	??_HighISR^0,c
   818   000026  2A07               	incf	??_HighISR^0,f,c
   819   000028  EF17  F000         	goto	i2u17_48
   820   00002C                     i2u16_40:
   821   00002C  6A07               	clrf	??_HighISR^0,c
   822   00002E                     i2u17_48:
   823   00002E  4607               	rlncf	??_HighISR^0,f,c
   824   000030  4607               	rlncf	??_HighISR^0,f,c
   825   000032  4607               	rlncf	??_HighISR^0,f,c
   826   000034  5080               	movf	128,w,c	;volatile
   827   000036  1807               	xorwf	??_HighISR^0,w,c
   828   000038  0BF7               	andlw	-9
   829   00003A  1807               	xorwf	??_HighISR^0,w,c
   830   00003C  6E80               	movwf	128,c	;volatile
   831   00003E                     
   832                           ;interrupts.c: 28:         PIR2bits.C1IF=0;
   833   00003E  010E               	movlb	14	; () banked
   834   000040  9135               	bcf	53,0,b	;volatile
   835   000042                     i2l105:
   836                           
   837                           ; BSR set to: 14
   838   000042  9208               	bcf	int$flags,1,c	;clear compiler interrupt flag (level 2)
   839   000044  0011               	retfie		f
   840   000046                     __end_of_HighISR:
   841                           	callstack 0
   842                           
   843                           	psect	rparam
   844   000000                     
   845                           	psect	temp
   846   000008                     btemp:
   847                           	callstack 0
   848   000008                     	ds	1
   849   000000                     int$flags	set	btemp
   850   000000                     wtemp8	set	btemp+1
   851   000000                     ttemp5	set	btemp+1
   852   000000                     ttemp6	set	btemp+4
   853   000000                     ttemp7	set	btemp+8
   854                           
   855                           	psect	idloc
   856                           
   857                           ;Config register IDLOC0 @ 0x200000
   858                           ;	unspecified, using default values
   859   200000                     	org	2097152
   860   200000  0FFF               	dw	4095
   861                           
   862                           ;Config register IDLOC1 @ 0x200002
   863                           ;	unspecified, using default values
   864   200002                     	org	2097154
   865   200002  0FFF               	dw	4095
   866                           
   867                           ;Config register IDLOC2 @ 0x200004
   868                           ;	unspecified, using default values
   869   200004                     	org	2097156
   870   200004  0FFF               	dw	4095
   871                           
   872                           ;Config register IDLOC3 @ 0x200006
   873                           ;	unspecified, using default values
   874   200006                     	org	2097158
   875   200006  0FFF               	dw	4095
   876                           
   877                           ;Config register IDLOC4 @ 0x200008
   878                           ;	unspecified, using default values
   879   200008                     	org	2097160
   880   200008  0FFF               	dw	4095
   881                           
   882                           ;Config register IDLOC5 @ 0x20000A
   883                           ;	unspecified, using default values
   884   20000A                     	org	2097162
   885   20000A  0FFF               	dw	4095
   886                           
   887                           ;Config register IDLOC6 @ 0x20000C
   888                           ;	unspecified, using default values
   889   20000C                     	org	2097164
   890   20000C  0FFF               	dw	4095
   891                           
   892                           ;Config register IDLOC7 @ 0x20000E
   893                           ;	unspecified, using default values
   894   20000E                     	org	2097166
   895   20000E  0FFF               	dw	4095
   896                           
   897                           	psect	config
   898                           
   899                           ;Config register CONFIG1L @ 0x300000
   900                           ;	External Oscillator mode Selection bits
   901                           ;	FEXTOSC = HS, HS (crystal oscillator) above 8 MHz; PFM set to high power
   902                           ;	Power-up default value for COSC bits
   903                           ;	RSTOSC = EXTOSC_4PLL, EXTOSC with 4x PLL, with EXTOSC operating per FEXTOSC bits
   904   300000                     	org	3145728
   905   300000  AA                 	db	170
   906                           
   907                           ;Config register CONFIG1H @ 0x300001
   908                           ;	unspecified, using default values
   909                           ;	Clock Out Enable bit
   910                           ;	CLKOUTEN = 0x1, unprogrammed default
   911                           ;	Clock Switch Enable bit
   912                           ;	CSWEN = 0x1, unprogrammed default
   913                           ;	Fail-Safe Clock Monitor Enable bit
   914                           ;	FCMEN = 0x1, unprogrammed default
   915   300001                     	org	3145729
   916   300001  FF                 	db	255
   917                           
   918                           ;Config register CONFIG2L @ 0x300002
   919                           ;	unspecified, using default values
   920                           ;	Master Clear Enable bit
   921                           ;	MCLRE = 0x1, unprogrammed default
   922                           ;	Power-up Timer Enable bit
   923                           ;	PWRTE = 0x1, unprogrammed default
   924                           ;	Low-power BOR enable bit
   925                           ;	LPBOREN = 0x1, unprogrammed default
   926                           ;	Brown-out Reset Enable bits
   927                           ;	BOREN = 0x3, unprogrammed default
   928   300002                     	org	3145730
   929   300002  FF                 	db	255
   930                           
   931                           ;Config register CONFIG2H @ 0x300003
   932                           ;	unspecified, using default values
   933                           ;	Brown Out Reset Voltage selection bits
   934                           ;	BORV = 0x3, unprogrammed default
   935                           ;	ZCD Disable bit
   936                           ;	ZCD = 0x1, unprogrammed default
   937                           ;	PPSLOCK bit One-Way Set Enable bit
   938                           ;	PPS1WAY = 0x1, unprogrammed default
   939                           ;	Stack Full/Underflow Reset Enable bit
   940                           ;	STVREN = 0x1, unprogrammed default
   941                           ;	Debugger Enable bit
   942                           ;	DEBUG = 0x1, unprogrammed default
   943                           ;	Extended Instruction Set Enable bit
   944                           ;	XINST = 0x1, unprogrammed default
   945   300003                     	org	3145731
   946   300003  FF                 	db	255
   947                           
   948                           ;Config register CONFIG3L @ 0x300004
   949                           ;	WDT Period Select bits
   950                           ;	WDTCPS = 0x1F, unprogrammed default
   951                           ;	WDT operating mode
   952                           ;	WDTE = OFF, WDT Disabled
   953   300004                     	org	3145732
   954   300004  9F                 	db	159
   955                           
   956                           ;Config register CONFIG3H @ 0x300005
   957                           ;	unspecified, using default values
   958                           ;	WDT Window Select bits
   959                           ;	WDTCWS = 0x7, unprogrammed default
   960                           ;	WDT input clock selector
   961                           ;	WDTCCS = 0x7, unprogrammed default
   962   300005                     	org	3145733
   963   300005  FF                 	db	255
   964                           
   965                           ;Config register CONFIG4L @ 0x300006
   966                           ;	unspecified, using default values
   967                           ;	Write Protection Block 0
   968                           ;	WRT0 = 0x1, unprogrammed default
   969                           ;	Write Protection Block 1
   970                           ;	WRT1 = 0x1, unprogrammed default
   971                           ;	Write Protection Block 2
   972                           ;	WRT2 = 0x1, unprogrammed default
   973                           ;	Write Protection Block 3
   974                           ;	WRT3 = 0x1, unprogrammed default
   975                           ;	Write Protection Block 3
   976                           ;	WRT4 = 0x1, unprogrammed default
   977                           ;	Write Protection Block 3
   978                           ;	WRT5 = 0x1, unprogrammed default
   979                           ;	Write Protection Block 3
   980                           ;	WRT6 = 0x1, unprogrammed default
   981                           ;	Write Protection Block 3
   982                           ;	WRT7 = 0x1, unprogrammed default
   983   300006                     	org	3145734
   984   300006  FF                 	db	255
   985                           
   986                           ;Config register CONFIG4H @ 0x300007
   987                           ;	unspecified, using default values
   988                           ;	Configuration Register Write Protection bit
   989                           ;	WRTC = 0x1, unprogrammed default
   990                           ;	Boot Block Write Protection bit
   991                           ;	WRTB = 0x1, unprogrammed default
   992                           ;	Data EEPROM Write Protection bit
   993                           ;	WRTD = 0x1, unprogrammed default
   994                           ;	Scanner Enable bit
   995                           ;	SCANE = 0x1, unprogrammed default
   996                           ;	Low Voltage Programming Enable bit
   997                           ;	LVP = 0x1, unprogrammed default
   998   300007                     	org	3145735
   999   300007  FF                 	db	255
  1000                           
  1001                           ;Config register CONFIG5L @ 0x300008
  1002                           ;	unspecified, using default values
  1003                           ;	UserNVM Program Memory Code Protection bit
  1004                           ;	CP = 0x1, unprogrammed default
  1005                           ;	DataNVM Memory Code Protection bit
  1006                           ;	CPD = 0x1, unprogrammed default
  1007   300008                     	org	3145736
  1008   300008  FF                 	db	255
  1009                           
  1010                           ;Config register CONFIG5H @ 0x300009
  1011                           ;	unspecified, using default values
  1012   300009                     	org	3145737
  1013   300009  FF                 	db	255
  1014                           
  1015                           ;Config register CONFIG6L @ 0x30000A
  1016                           ;	unspecified, using default values
  1017                           ;	Table Read Protection Block 0
  1018                           ;	EBTR0 = 0x1, unprogrammed default
  1019                           ;	Table Read Protection Block 1
  1020                           ;	EBTR1 = 0x1, unprogrammed default
  1021                           ;	Table Read Protection Block 2
  1022                           ;	EBTR2 = 0x1, unprogrammed default
  1023                           ;	Table Read Protection Block 3
  1024                           ;	EBTR3 = 0x1, unprogrammed default
  1025                           ;	Table Read Protection Block 4
  1026                           ;	EBTR4 = 0x1, unprogrammed default
  1027                           ;	Table Read Protection Block 5
  1028                           ;	EBTR5 = 0x1, unprogrammed default
  1029                           ;	Table Read Protection Block 6
  1030                           ;	EBTR6 = 0x1, unprogrammed default
  1031                           ;	Table Read Protection Block 7
  1032                           ;	EBTR7 = 0x1, unprogrammed default
  1033   30000A                     	org	3145738
  1034   30000A  FF                 	db	255
  1035                           
  1036                           ;Config register CONFIG6H @ 0x30000B
  1037                           ;	unspecified, using default values
  1038                           ;	Boot Block Table Read Protection bit
  1039                           ;	EBTRB = 0x1, unprogrammed default
  1040   30000B                     	org	3145739
  1041   30000B  FF                 	db	255
  1042                           tosu	equ	0xFFF
  1043                           tosh	equ	0xFFE
  1044                           tosl	equ	0xFFD
  1045                           stkptr	equ	0xFFC
  1046                           pclatu	equ	0xFFB
  1047                           pclath	equ	0xFFA
  1048                           pcl	equ	0xFF9
  1049                           tblptru	equ	0xFF8
  1050                           tblptrh	equ	0xFF7
  1051                           tblptrl	equ	0xFF6
  1052                           tablat	equ	0xFF5
  1053                           prodh	equ	0xFF4
  1054                           prodl	equ	0xFF3
  1055                           indf0	equ	0xFEF
  1056                           postinc0	equ	0xFEE
  1057                           postdec0	equ	0xFED
  1058                           preinc0	equ	0xFEC
  1059                           plusw0	equ	0xFEB
  1060                           fsr0h	equ	0xFEA
  1061                           fsr0l	equ	0xFE9
  1062                           wreg	equ	0xFE8
  1063                           indf1	equ	0xFE7
  1064                           postinc1	equ	0xFE6
  1065                           postdec1	equ	0xFE5
  1066                           preinc1	equ	0xFE4
  1067                           plusw1	equ	0xFE3
  1068                           fsr1h	equ	0xFE2
  1069                           fsr1l	equ	0xFE1
  1070                           bsr	equ	0xFE0
  1071                           indf2	equ	0xFDF
  1072                           postinc2	equ	0xFDE
  1073                           postdec2	equ	0xFDD
  1074                           preinc2	equ	0xFDC
  1075                           plusw2	equ	0xFDB
  1076                           fsr2h	equ	0xFDA
  1077                           fsr2l	equ	0xFD9
  1078                           status	equ	0xFD8

Data Sizes:
    Strings     1
    Constant    124
    Data        0
    BSS         6
    Persistent  0
    Stack       0

Auto Spaces:
    Space          Size  Autos    Used
    COMRAM           94      1       7
    BANK0           160      0       0
    BANK1           256      0       0
    BANK2           256      0       0
    BANK3           256      0       0
    BANK4           256      0       0
    BANK5           256      0       0
    BANK6           256      0       0
    BANK7           256      0       0
    BANK8           256      0       0
    BANK9           256      0       0
    BANK10          256      0       0
    BANK11          256      0       0
    BANK12          256      0       0
    BANK13          234      0       0

Pointer List with Targets:

    None.

Critical Paths under _main in COMRAM

    None.

Critical Paths under _HighISR in COMRAM

    None.

Critical Paths under _main in BANK0

    None.

Critical Paths under _HighISR in BANK0

    None.

Critical Paths under _main in BANK1

    None.

Critical Paths under _HighISR in BANK1

    None.

Critical Paths under _main in BANK2

    None.

Critical Paths under _HighISR in BANK2

    None.

Critical Paths under _main in BANK3

    None.

Critical Paths under _HighISR in BANK3

    None.

Critical Paths under _main in BANK4

    None.

Critical Paths under _HighISR in BANK4

    None.

Critical Paths under _main in BANK5

    None.

Critical Paths under _HighISR in BANK5

    None.

Critical Paths under _main in BANK6

    None.

Critical Paths under _HighISR in BANK6

    None.

Critical Paths under _main in BANK7

    None.

Critical Paths under _HighISR in BANK7

    None.

Critical Paths under _main in BANK8

    None.

Critical Paths under _HighISR in BANK8

    None.

Critical Paths under _main in BANK9

    None.

Critical Paths under _HighISR in BANK9

    None.

Critical Paths under _main in BANK10

    None.

Critical Paths under _HighISR in BANK10

    None.

Critical Paths under _main in BANK11

    None.

Critical Paths under _HighISR in BANK11

    None.

Critical Paths under _main in BANK12

    None.

Critical Paths under _HighISR in BANK12

    None.

Critical Paths under _main in BANK13

    None.

Critical Paths under _HighISR in BANK13

    None.

Call Graph Tables:

 ---------------------------------------------------------------------------------
 (Depth) Function   	        Calls       Base Space   Used Autos Params    Refs
 ---------------------------------------------------------------------------------
 (0) _main                                                 0     0      0       0
                         _Comp1_init
                     _Comp1_inithigh
                    _Interrupts_init
                      _LEDarray_init
                        _Timer0_init
 ---------------------------------------------------------------------------------
 (1) _Timer0_init                                          0     0      0       0
 ---------------------------------------------------------------------------------
 (1) _LEDarray_init                                        0     0      0       0
 ---------------------------------------------------------------------------------
 (1) _Interrupts_init                                      0     0      0       0
 ---------------------------------------------------------------------------------
 (1) _Comp1_inithigh                                       0     0      0       0
                           _DAC_init
 ---------------------------------------------------------------------------------
 (1) _Comp1_init                                           0     0      0       0
                           _DAC_init
 ---------------------------------------------------------------------------------
 (2) _DAC_init                                             0     0      0       0
 ---------------------------------------------------------------------------------
 Estimated maximum stack depth 2
 ---------------------------------------------------------------------------------
 (Depth) Function   	        Calls       Base Space   Used Autos Params    Refs
 ---------------------------------------------------------------------------------
 (3) _HighISR                                              1     1      0       0
                                              0 COMRAM     1     1      0
 ---------------------------------------------------------------------------------
 Estimated maximum stack depth 3
 ---------------------------------------------------------------------------------

 Call Graph Graphs:

 _main (ROOT)
   _Comp1_init
     _DAC_init
   _Comp1_inithigh
     _DAC_init
   _Interrupts_init
   _LEDarray_init
   _Timer0_init

 _HighISR (ROOT)

 Address spaces:
Name               Size   Autos  Total    Cost      Usage
BIGRAM             DE9      0       0      49        0.0%
EEDATA             400      0       0       0        0.0%
BITBANK12          100      0       0      28        0.0%
BANK12             100      0       0      29        0.0%
BITBANK11          100      0       0      26        0.0%
BANK11             100      0       0      27        0.0%
BITBANK10          100      0       0      24        0.0%
BANK10             100      0       0      25        0.0%
BITBANK9           100      0       0      22        0.0%
BANK9              100      0       0      23        0.0%
BITBANK8           100      0       0      20        0.0%
BANK8              100      0       0      21        0.0%
BITBANK7           100      0       0      18        0.0%
BANK7              100      0       0      19        0.0%
BITBANK6           100      0       0      16        0.0%
BANK6              100      0       0      17        0.0%
BITBANK5           100      0       0      14        0.0%
BANK5              100      0       0      15        0.0%
BITBANK4           100      0       0      12        0.0%
BANK4              100      0       0      13        0.0%
BITBANK3           100      0       0      10        0.0%
BANK3              100      0       0      11        0.0%
BITBANK2           100      0       0       8        0.0%
BANK2              100      0       0       9        0.0%
BITBANK1           100      0       0       6        0.0%
BANK1              100      0       0       7        0.0%
BITBANK13           EA      0       0      30        0.0%
BANK13              EA      0       0      31        0.0%
BITBANK0            A0      0       0       4        0.0%
BANK0               A0      0       0       5        0.0%
BITBIGSFRlhlhh      84      0       0      42        0.0%
BITCOMRAM           5E      0       0       0        0.0%
COMRAM              5E      1       7       1        7.4%
BITBIGSFRllhh       5C      0       0      45        0.0%
BITBIGSFRhhll       4A      0       0      34        0.0%
BITBIGSFRlll        3C      0       0      47        0.0%
BITBIGSFRlhll       33      0       0      44        0.0%
BITBIGSFRhhlh       1B      0       0      33        0.0%
BITBIGSFRlhhhhl     14      0       0      39        0.0%
BITBIGSFRhhh         D      0       0      32        0.0%
BITBIGSFRllhl        9      0       0      46        0.0%
BITBIGSFRlhlhll      8      0       0      43        0.0%
BITBIGSFRlhhl        6      0       0      41        0.0%
BITBIGSFRlhhhl       3      0       0      40        0.0%
BITBIGSFRhlh         1      0       0      35        0.0%
BITBIGSFRlhhhhl      1      0       0      37        0.0%
BITBIGSFRlhhhhl      1      0       0      38        0.0%
BITBIGSFRhll         1      0       0      36        0.0%
BIGSFR               0      0       0     200        0.0%
BITSFR_3             0      0       0     200        0.0%
SFR_3                0      0       0     200        0.0%
BITSFR_2             0      0       0     200        0.0%
SFR_2                0      0       0     200        0.0%
BITSFR_1             0      0       0     200        0.0%
SFR_1                0      0       0     200        0.0%
BITSFR               0      0       0     200        0.0%
SFR                  0      0       0     200        0.0%
STACK                0      0       0       2        0.0%
NULL                 0      0       0       0        0.0%
ABS                  0      0       7      48        0.0%
DATA                 0      0       7       3        0.0%
CODE                 0      0       0       0        0.0%


Microchip Technology PIC18 Macro Assembler V2.40 build 20220703182018 
Symbol Table                                                                                   Mon Oct 31 23:36:29 2022

                      _L1 0E59                        _L2 0E55                        _L3 0E51  
                      _L4 0E4D                        _L5 0E49                        _L6 0E45  
                      l51 0EA4                        _P1 0E41                        _P2 0E3D  
                      _P3 0E39                        _P4 0E35                        _P5 0E31  
                      l82 0F62                        l85 0F10                        l88 0EEC  
                      l99 0F6C                        _bp 0E69                        _cp 0E1D  
       ??_Interrupts_init 0008                       l142 0F30                       l128 0EC2  
                     l129 0EC2                       _lg2 0E2D                       _ovt 0E21  
                    l1100 0EE0                      l1102 0EE2                      l1110 0F12  
                    l1104 0EE4                      l1112 0F1A                      l1106 0EE8  
                    l1114 0F24                      l1108 0F64                      l1116 0F2E  
                    l1054 0F50                      l1056 0F56                      l1080 0EEE  
                    l1058 0F60                      l1090 0F08                      l1082 0EF0  
                    l1170 0EB6                      l1092 0F0C                      l1084 0F02  
                    l1172 0EBA                      l1164 0EA6                      l1086 0F04  
                    l1094 0ECA                      l1078 0E80                      l1174 0EBE  
                    l1166 0EAE                      l1088 0F06                      l1096 0ECC  
                    l1168 0EB2                      l1098 0EDE                      STR_1 0E7D  
                    _cp_h 0E79                      _cp_l 0E75                      _dp_h 0E09  
                    _dp_l 0E01                      _main 0EA6                      _huge 0E61  
                    _tiny 0E5D                      btemp 0008                      start 0046  
        __end_of_DAC_init 0F64           __end_of_HighISR 0046              ___param_bank 000000  
              _Comp1_init 0EEE                     ?_main 0007                     _ADPCH 000F5F  
                   i2l105 0042                     _TMR0H 000FD4                     _TMR0L 000FD3  
                   _lg2_h 0E29                     _lg2_l 0E25                     _errno 0005  
                   _ivln2 0E19           __end_of_ivln2_h 0E75           __end_of_ivln2_l 0E19  
                   _two24 0E65                     ttemp5 0009                     ttemp6 000C  
                   ttemp7 0010                     wtemp8 0009           __initialization 0F32  
            __end_of_cp_h 0E7D              __end_of_cp_l 0E79              __end_of_dp_h 0E11  
            __end_of_dp_l 0E09              __end_of_main 0ECA              __end_of_huge 0E65  
            __end_of_tiny 0E61                    ??_main 0008             __activetblptr 000001  
                  _ADRESH 000F64            _Comp1_inithigh 0ECA                    i2l1160 001A  
                  i2l1162 003E                    i2l1158 000A                 ??_HighISR 0007  
           ??_Timer0_init 0008               ?_Comp1_init 0007                    isa$std 000001  
            __mediumconst 0000    __end_of_Comp1_inithigh 0EEE                    tblptrh 000FF7  
                  tblptru 000FF8                 ?_DAC_init 0007          _tiny@sqrtf$F1647 0E11  
              __accesstop 0060   __end_of__initialization 0F3E             ___rparam_used 000001  
           _LEDarray_init 0E80           _Interrupts_init 0F64            __pcstackCOMRAM 0007  
           __end_of_lg2_h 0E2D             __end_of_lg2_l 0E29             __end_of_ivln2 0E1D  
           __end_of_two24 0E69                __end_of_L1 0E5D                __end_of_L2 0E59  
              __end_of_L3 0E55                __end_of_L4 0E51                __end_of_L5 0E4D  
              __end_of_L6 0E49                __end_of_P1 0E45                __end_of_P2 0E41  
              __end_of_P3 0E3D                __end_of_P4 0E39                __end_of_P5 0E35  
     __end_of_Timer0_init 0F32                __end_of_bp 0E71                __end_of_cp 0E21  
         ?_Comp1_inithigh 0007                ??_DAC_init 0008            ?_LEDarray_init 0007  
                 i2u15_40 001A                   i2u15_41 0016                   i2u16_40 002C  
                 i2u16_41 0024                   i2u17_48 002E   __end_of_Interrupts_init 0F6E  
                 _HighISR 0008                 _ADREFbits 000F58                   __Hparam 0000  
                 __Lparam 0000               _Timer0_init 0F12              __psmallconst 0E00  
                 __pcinit 0F32                   __ramtop 0E00                   __ptext0 0EA6  
                 __ptext1 0F12                   __ptext2 0E80                   __ptext3 0F64  
                 __ptext4 0ECA                   __ptext5 0EEE                   __ptext6 0F50  
                 _ivln2_h 0E71                   _ivln2_l 0E15      end_of_initialization 0F3E  
         ??_LEDarray_init 0008              ??_Comp1_init 0008  __end_of_tiny@sqrtf$F1647 0E15  
               _TRISAbits 000F81                 _TRISBbits 000F82                 _TRISDbits 000F84  
               _TRISFbits 000F86                 _TRISGbits 000F87                 _TRISHbits 000F88  
      __end_of_Comp1_init 0F12               _CM1CON0bits 000ED0               _CM1CON1bits 000ED1  
        ?_Interrupts_init 0007          ??_Comp1_inithigh 0008       start_initialization 0F32  
             __end_of_lg2 0E31               __end_of_ovt 0E25               __pbssCOMRAM 0001  
                ?_HighISR 0007              ?_Timer0_init 0007                 __pintcode 0008  
               fabsf@F465 0001               __smallconst 0E00                  _DAC_init 0F50  
                _LATAbits 000F79                  _LATBbits 000F7A                  _LATDbits 000F7C  
                _LATFbits 000F7E                  _LATGbits 000F7F                  _LATHbits 000F80  
                _PIE2bits 000E2B                  _PIR2bits 000E35                _ADCON0bits 000F60  
              _CM1NCHbits 000ED2                _CM1PCHbits 000ED3     __end_of_LEDarray_init 0EA6  
                __Hrparam 0000                  __Lrparam 0000              __Lsmallconst 0E00  
              _ANSELAbits 000E92                _T0CON0bits 000FD5                _T0CON1bits 000FD6  
                isa$xinst 000000                  int$flags 0008                _INTCONbits 000FF2  
                intlevel2 0000              _DAC1CON0bits 000EC6              _DAC1CON1bits 000EC7  
